<?xml version="1.0" encoding="UTF-8"?>
<coverage generated="1592437298118" clover="3.2.0">
  <project timestamp="1592437298118" name="All files">
    <metrics statements="283" coveredstatements="206" conditionals="74" coveredconditionals="57" methods="96" coveredmethods="92" elements="453" coveredelements="355" complexity="0" loc="283" ncloc="283" packages="1" files="22" classes="22"/>
    <file name="get-block-images.js" path="/Users/dan/Sites/personal/typebeast/src/get-block-images.js">
      <metrics statements="9" coveredstatements="9" conditionals="4" coveredconditionals="4" methods="3" coveredmethods="3"/>
      <line num="1" count="1" type="stmt"/>
      <line num="2" count="1" type="stmt"/>
      <line num="5" count="1" type="stmt"/>
      <line num="16" count="1" type="stmt"/>
      <line num="25" count="3" type="cond" truecount="4" falsecount="0"/>
      <line num="26" count="1" type="stmt"/>
      <line num="27" count="1" type="stmt"/>
      <line num="28" count="1" type="stmt"/>
      <line num="31" count="1" type="stmt"/>
    </file>
    <file name="get-inline-code.js" path="/Users/dan/Sites/personal/typebeast/src/get-inline-code.js">
      <metrics statements="12" coveredstatements="12" conditionals="6" coveredconditionals="6" methods="3" coveredmethods="3"/>
      <line num="1" count="1" type="stmt"/>
      <line num="6" count="1" type="stmt"/>
      <line num="8" count="1" type="stmt"/>
      <line num="16" count="1" type="stmt"/>
      <line num="22" count="6" type="cond" truecount="2" falsecount="0"/>
      <line num="23" count="6" type="stmt"/>
      <line num="24" count="6" type="stmt"/>
      <line num="35" count="2" type="stmt"/>
      <line num="44" count="3" type="cond" truecount="4" falsecount="0"/>
      <line num="45" count="1" type="stmt"/>
      <line num="46" count="1" type="stmt"/>
      <line num="49" count="1" type="stmt"/>
    </file>
    <file name="get-inline-kbd.js" path="/Users/dan/Sites/personal/typebeast/src/get-inline-kbd.js">
      <metrics statements="12" coveredstatements="12" conditionals="6" coveredconditionals="6" methods="3" coveredmethods="3"/>
      <line num="1" count="1" type="stmt"/>
      <line num="6" count="1" type="stmt"/>
      <line num="8" count="1" type="stmt"/>
      <line num="17" count="1" type="stmt"/>
      <line num="23" count="6" type="cond" truecount="2" falsecount="0"/>
      <line num="24" count="6" type="stmt"/>
      <line num="25" count="6" type="stmt"/>
      <line num="36" count="2" type="stmt"/>
      <line num="45" count="3" type="cond" truecount="4" falsecount="0"/>
      <line num="46" count="1" type="stmt"/>
      <line num="47" count="1" type="stmt"/>
      <line num="50" count="1" type="stmt"/>
    </file>
    <file name="get-inline-links.js" path="/Users/dan/Sites/personal/typebeast/src/get-inline-links.js">
      <metrics statements="11" coveredstatements="11" conditionals="6" coveredconditionals="6" methods="3" coveredmethods="3"/>
      <line num="1" count="1" type="stmt"/>
      <line num="6" count="1" type="stmt"/>
      <line num="8" count="1" type="stmt"/>
      <line num="17" count="6" type="cond" truecount="2" falsecount="0"/>
      <line num="18" count="6" type="stmt"/>
      <line num="19" count="6" type="stmt"/>
      <line num="29" count="2" type="stmt"/>
      <line num="38" count="3" type="cond" truecount="4" falsecount="0"/>
      <line num="39" count="1" type="stmt"/>
      <line num="40" count="1" type="stmt"/>
      <line num="43" count="1" type="stmt"/>
    </file>
    <file name="get-sass-settings-map.js" path="/Users/dan/Sites/personal/typebeast/src/get-sass-settings-map.js">
      <metrics statements="5" coveredstatements="5" conditionals="2" coveredconditionals="2" methods="2" coveredmethods="2"/>
      <line num="1" count="1" type="stmt"/>
      <line num="4" count="5" type="cond" truecount="1" falsecount="0"/>
      <line num="5" count="5" type="stmt"/>
      <line num="9" count="6" type="stmt"/>
      <line num="15" count="1" type="stmt"/>
    </file>
    <file name="get-spacing.js" path="/Users/dan/Sites/personal/typebeast/src/get-spacing.js">
      <metrics statements="4" coveredstatements="0" conditionals="0" coveredconditionals="0" methods="1" coveredmethods="0"/>
      <line num="1" count="0" type="stmt"/>
      <line num="2" count="0" type="stmt"/>
      <line num="5" count="0" type="stmt"/>
      <line num="11" count="0" type="stmt"/>
    </file>
    <file name="get-typography.js" path="/Users/dan/Sites/personal/typebeast/src/get-typography.js">
      <metrics statements="10" coveredstatements="0" conditionals="0" coveredconditionals="0" methods="1" coveredmethods="0"/>
      <line num="1" count="0" type="stmt"/>
      <line num="2" count="0" type="stmt"/>
      <line num="3" count="0" type="stmt"/>
      <line num="4" count="0" type="stmt"/>
      <line num="9" count="0" type="stmt"/>
      <line num="11" count="0" type="stmt"/>
      <line num="12" count="0" type="stmt"/>
      <line num="13" count="0" type="stmt"/>
      <line num="14" count="0" type="stmt"/>
      <line num="17" count="0" type="stmt"/>
    </file>
    <file name="get-wysiwyg-spacing.js" path="/Users/dan/Sites/personal/typebeast/src/get-wysiwyg-spacing.js">
      <metrics statements="4" coveredstatements="0" conditionals="0" coveredconditionals="0" methods="1" coveredmethods="0"/>
      <line num="1" count="0" type="stmt"/>
      <line num="2" count="0" type="stmt"/>
      <line num="5" count="0" type="stmt"/>
      <line num="8" count="0" type="stmt"/>
    </file>
    <file name="index.js" path="/Users/dan/Sites/personal/typebeast/src/index.js">
      <metrics statements="57" coveredstatements="0" conditionals="10" coveredconditionals="0" methods="1" coveredmethods="0"/>
      <line num="1" count="0" type="stmt"/>
      <line num="2" count="0" type="stmt"/>
      <line num="3" count="0" type="stmt"/>
      <line num="5" count="0" type="stmt"/>
      <line num="6" count="0" type="stmt"/>
      <line num="7" count="0" type="stmt"/>
      <line num="8" count="0" type="stmt"/>
      <line num="9" count="0" type="stmt"/>
      <line num="10" count="0" type="stmt"/>
      <line num="11" count="0" type="stmt"/>
      <line num="12" count="0" type="stmt"/>
      <line num="13" count="0" type="stmt"/>
      <line num="14" count="0" type="stmt"/>
      <line num="15" count="0" type="stmt"/>
      <line num="17" count="0" type="cond" truecount="0" falsecount="1"/>
      <line num="21" count="0" type="stmt"/>
      <line num="22" count="0" type="stmt"/>
      <line num="23" count="0" type="stmt"/>
      <line num="24" count="0" type="stmt"/>
      <line num="25" count="0" type="stmt"/>
      <line num="26" count="0" type="stmt"/>
      <line num="42" count="0" type="stmt"/>
      <line num="49" count="0" type="stmt"/>
      <line num="51" count="0" type="stmt"/>
      <line num="54" count="0" type="stmt"/>
      <line num="56" count="0" type="stmt"/>
      <line num="57" count="0" type="cond" truecount="0" falsecount="2"/>
      <line num="59" count="0" type="stmt"/>
      <line num="61" count="0" type="stmt"/>
      <line num="64" count="0" type="stmt"/>
      <line num="65" count="0" type="stmt"/>
      <line num="66" count="0" type="stmt"/>
      <line num="67" count="0" type="stmt"/>
      <line num="68" count="0" type="stmt"/>
      <line num="69" count="0" type="stmt"/>
      <line num="70" count="0" type="stmt"/>
      <line num="74" count="0" type="stmt"/>
      <line num="75" count="0" type="cond" truecount="0" falsecount="2"/>
      <line num="77" count="0" type="stmt"/>
      <line num="80" count="0" type="stmt"/>
      <line num="82" count="0" type="stmt"/>
      <line num="84" count="0" type="stmt"/>
      <line num="85" count="0" type="stmt"/>
      <line num="86" count="0" type="stmt"/>
      <line num="87" count="0" type="stmt"/>
      <line num="88" count="0" type="stmt"/>
      <line num="89" count="0" type="stmt"/>
      <line num="90" count="0" type="stmt"/>
      <line num="92" count="0" type="stmt"/>
      <line num="99" count="0" type="stmt"/>
      <line num="100" count="0" type="cond" truecount="0" falsecount="2"/>
      <line num="102" count="0" type="stmt"/>
      <line num="104" count="0" type="cond" truecount="0" falsecount="2"/>
      <line num="107" count="0" type="stmt"/>
      <line num="111" count="0" type="stmt"/>
      <line num="116" count="0" type="stmt"/>
      <line num="119" count="0" type="stmt"/>
    </file>
    <file name="merge-objects.js" path="/Users/dan/Sites/personal/typebeast/src/merge-objects.js">
      <metrics statements="3" coveredstatements="3" conditionals="0" coveredconditionals="0" methods="1" coveredmethods="1"/>
      <line num="1" count="1" type="stmt"/>
      <line num="4" count="3" type="stmt"/>
      <line num="7" count="1" type="stmt"/>
    </file>
    <file name="parse-config.js" path="/Users/dan/Sites/personal/typebeast/src/parse-config.js">
      <metrics statements="5" coveredstatements="5" conditionals="0" coveredconditionals="0" methods="1" coveredmethods="1"/>
      <line num="1" count="1" type="stmt"/>
      <line num="2" count="1" type="stmt"/>
      <line num="5" count="3" type="stmt"/>
      <line num="6" count="3" type="stmt"/>
      <line num="9" count="1" type="stmt"/>
    </file>
    <file name="prettier-format.js" path="/Users/dan/Sites/personal/typebeast/src/prettier-format.js">
      <metrics statements="3" coveredstatements="3" conditionals="1" coveredconditionals="1" methods="1" coveredmethods="1"/>
      <line num="1" count="9" type="stmt"/>
      <line num="2" count="16" type="cond" truecount="1" falsecount="0"/>
      <line num="3" count="9" type="stmt"/>
    </file>
    <file name="sanitize-config.js" path="/Users/dan/Sites/personal/typebeast/src/sanitize-config.js">
      <metrics statements="11" coveredstatements="11" conditionals="2" coveredconditionals="2" methods="4" coveredmethods="4"/>
      <line num="1" count="1" type="stmt"/>
      <line num="3" count="1" type="stmt"/>
      <line num="14" count="1" type="stmt"/>
      <line num="15" count="10" type="stmt"/>
      <line num="17" count="20" type="stmt"/>
      <line num="24" count="1" type="stmt"/>
      <line num="28" count="2" type="stmt"/>
      <line num="29" count="2" type="cond" truecount="2" falsecount="0"/>
      <line num="30" count="1" type="stmt"/>
      <line num="32" count="2" type="stmt"/>
      <line num="35" count="1" type="stmt"/>
    </file>
    <file name="transform-config.js" path="/Users/dan/Sites/personal/typebeast/src/transform-config.js">
      <metrics statements="31" coveredstatements="31" conditionals="6" coveredconditionals="5" methods="17" coveredmethods="17"/>
      <line num="1" count="1" type="stmt"/>
      <line num="2" count="20" type="stmt"/>
      <line num="3" count="43" type="stmt"/>
      <line num="6" count="1" type="stmt"/>
      <line num="7" count="20" type="stmt"/>
      <line num="8" count="43" type="stmt"/>
      <line num="11" count="20" type="stmt"/>
      <line num="18" count="1" type="stmt"/>
      <line num="19" count="20" type="stmt"/>
      <line num="20" count="20" type="stmt"/>
      <line num="21" count="20" type="stmt"/>
      <line num="22" count="20" type="stmt"/>
      <line num="34" count="10" type="cond" truecount="2" falsecount="0"/>
      <line num="45" count="1" type="stmt"/>
      <line num="46" count="14" type="cond" truecount="2" falsecount="0"/>
      <line num="47" count="1" type="stmt"/>
      <line num="49" count="13" type="stmt"/>
      <line num="55" count="1" type="stmt"/>
      <line num="56" count="1" type="stmt"/>
      <line num="57" count="1" type="stmt"/>
      <line num="58" count="10" type="stmt"/>
      <line num="59" count="10" type="stmt"/>
      <line num="69" count="1" type="stmt"/>
      <line num="72" count="1" type="stmt"/>
      <line num="73" count="10" type="stmt"/>
      <line num="77" count="1" type="stmt"/>
      <line num="79" count="1" type="stmt"/>
      <line num="100" count="1" type="stmt"/>
      <line num="101" count="10" type="stmt"/>
      <line num="106" count="20" type="stmt"/>
      <line num="121" count="1" type="stmt"/>
    </file>
    <file name="transform-spacing.js" path="/Users/dan/Sites/personal/typebeast/src/transform-spacing.js">
      <metrics statements="14" coveredstatements="13" conditionals="9" coveredconditionals="6" methods="6" coveredmethods="6"/>
      <line num="2" count="48" type="cond" truecount="2" falsecount="0"/>
      <line num="3" count="8" type="cond" truecount="2" falsecount="0"/>
      <line num="4" count="6" type="stmt"/>
      <line num="9" count="2" type="cond" truecount="1" falsecount="1"/>
      <line num="10" count="2" type="stmt"/>
      <line num="15" count="0" type="stmt"/>
      <line num="19" count="8" type="stmt"/>
      <line num="30" count="6" type="cond" truecount="1" falsecount="1"/>
      <line num="31" count="6" type="stmt"/>
      <line num="32" count="8" type="stmt"/>
      <line num="44" count="2" type="cond" truecount="0" falsecount="1"/>
      <line num="45" count="2" type="stmt"/>
      <line num="46" count="6" type="stmt"/>
      <line num="54" count="2" type="stmt"/>
    </file>
    <file name="transform-wysiwyg-spacing.js" path="/Users/dan/Sites/personal/typebeast/src/transform-wysiwyg-spacing.js">
      <metrics statements="18" coveredstatements="17" conditionals="10" coveredconditionals="8" methods="11" coveredmethods="11"/>
      <line num="2" count="2" type="stmt"/>
      <line num="7" count="96" type="cond" truecount="2" falsecount="0"/>
      <line num="8" count="16" type="cond" truecount="2" falsecount="0"/>
      <line num="9" count="8" type="stmt"/>
      <line num="14" count="8" type="cond" truecount="1" falsecount="1"/>
      <line num="15" count="0" type="stmt"/>
      <line num="20" count="8" type="stmt"/>
      <line num="24" count="16" type="stmt"/>
      <line num="35" count="2" type="stmt"/>
      <line num="36" count="2" type="stmt"/>
      <line num="38" count="1" type="stmt"/>
      <line num="41" count="1" type="stmt"/>
      <line num="47" count="2" type="stmt"/>
      <line num="48" count="8" type="stmt"/>
      <line num="53" count="16" type="stmt"/>
      <line num="66" count="2" type="cond" truecount="3" falsecount="1"/>
      <line num="67" count="2" type="stmt"/>
      <line num="89" count="2" type="stmt"/>
    </file>
    <file name="utils.js" path="/Users/dan/Sites/personal/typebeast/src/utils.js">
      <metrics statements="12" coveredstatements="12" conditionals="6" coveredconditionals="6" methods="7" coveredmethods="7"/>
      <line num="1" count="8" type="stmt"/>
      <line num="2" count="2" type="stmt"/>
      <line num="4" count="8" type="stmt"/>
      <line num="5" count="13" type="stmt"/>
      <line num="6" count="23" type="stmt"/>
      <line num="9" count="8" type="stmt"/>
      <line num="10" count="19" type="stmt"/>
      <line num="12" count="8" type="cond" truecount="1" falsecount="0"/>
      <line num="13" count="18" type="stmt"/>
      <line num="15" count="96" type="cond" truecount="3" falsecount="0"/>
      <line num="22" count="8" type="stmt"/>
      <line num="23" count="18" type="cond" truecount="2" falsecount="0"/>
    </file>
    <file name="validate-config.js" path="/Users/dan/Sites/personal/typebeast/src/validate-config.js">
      <metrics statements="7" coveredstatements="7" conditionals="4" coveredconditionals="4" methods="1" coveredmethods="1"/>
      <line num="2" count="3" type="cond" truecount="2" falsecount="0"/>
      <line num="3" count="1" type="stmt"/>
      <line num="11" count="2" type="stmt"/>
      <line num="12" count="2" type="cond" truecount="2" falsecount="0"/>
      <line num="13" count="1" type="stmt"/>
      <line num="21" count="1" type="stmt"/>
      <line num="24" count="1" type="stmt"/>
    </file>
    <file name="write-mixins.js" path="/Users/dan/Sites/personal/typebeast/src/write-mixins.js">
      <metrics statements="15" coveredstatements="15" conditionals="0" coveredconditionals="0" methods="8" coveredmethods="8"/>
      <line num="1" count="1" type="stmt"/>
      <line num="2" count="1" type="stmt"/>
      <line num="5" count="1" type="stmt"/>
      <line num="6" count="24" type="stmt"/>
      <line num="10" count="1" type="stmt"/>
      <line num="11" count="1" type="stmt"/>
      <line num="12" count="12" type="stmt"/>
      <line num="13" count="24" type="stmt"/>
      <line num="18" count="1" type="stmt"/>
      <line num="19" count="1" type="stmt"/>
      <line num="20" count="12" type="stmt"/>
      <line num="26" count="1" type="stmt"/>
      <line num="27" count="1" type="stmt"/>
      <line num="28" count="1" type="stmt"/>
      <line num="31" count="1" type="stmt"/>
    </file>
    <file name="write-spacing.js" path="/Users/dan/Sites/personal/typebeast/src/write-spacing.js">
      <metrics statements="14" coveredstatements="14" conditionals="0" coveredconditionals="0" methods="7" coveredmethods="7"/>
      <line num="1" count="1" type="stmt"/>
      <line num="2" count="1" type="stmt"/>
      <line num="4" count="1" type="stmt"/>
      <line num="5" count="4" type="stmt"/>
      <line num="13" count="1" type="stmt"/>
      <line num="14" count="2" type="stmt"/>
      <line num="15" count="6" type="stmt"/>
      <line num="16" count="4" type="stmt"/>
      <line num="27" count="1" type="stmt"/>
      <line num="28" count="1" type="stmt"/>
      <line num="29" count="1" type="stmt"/>
      <line num="30" count="1" type="stmt"/>
      <line num="39" count="1" type="stmt"/>
      <line num="42" count="1" type="stmt"/>
    </file>
    <file name="write-styles.js" path="/Users/dan/Sites/personal/typebeast/src/write-styles.js">
      <metrics statements="14" coveredstatements="14" conditionals="0" coveredconditionals="0" methods="7" coveredmethods="7"/>
      <line num="1" count="1" type="stmt"/>
      <line num="2" count="1" type="stmt"/>
      <line num="4" count="1" type="stmt"/>
      <line num="5" count="24" type="stmt"/>
      <line num="12" count="1" type="stmt"/>
      <line num="13" count="2" type="stmt"/>
      <line num="14" count="24" type="stmt"/>
      <line num="15" count="24" type="stmt"/>
      <line num="23" count="1" type="stmt"/>
      <line num="24" count="1" type="stmt"/>
      <line num="25" count="1" type="stmt"/>
      <line num="26" count="1" type="stmt"/>
      <line num="35" count="1" type="stmt"/>
      <line num="38" count="1" type="stmt"/>
    </file>
    <file name="write-wysiwyg-spacing.js" path="/Users/dan/Sites/personal/typebeast/src/write-wysiwyg-spacing.js">
      <metrics statements="12" coveredstatements="12" conditionals="2" coveredconditionals="1" methods="7" coveredmethods="7"/>
      <line num="1" count="1" type="stmt"/>
      <line num="2" count="1" type="stmt"/>
      <line num="5" count="8" type="stmt"/>
      <line num="15" count="2" type="stmt"/>
      <line num="16" count="8" type="stmt"/>
      <line num="18" count="8" type="stmt"/>
      <line num="28" count="1" type="stmt"/>
      <line num="29" count="2" type="stmt"/>
      <line num="41" count="1" type="cond" truecount="1" falsecount="1"/>
      <line num="42" count="1" type="stmt"/>
      <line num="43" count="1" type="stmt"/>
      <line num="46" count="1" type="stmt"/>
    </file>
  </project>
</coverage>
