{"/Users/dan/Sites/personal/typebeast/src/get-block-images.js": {"path":"/Users/dan/Sites/personal/typebeast/src/get-block-images.js","statementMap":{"0":{"start":{"line":1,"column":19},"end":{"line":1,"column":47}},"1":{"start":{"line":2,"column":53},"end":{"line":2,"column":71}},"2":{"start":{"line":5,"column":2},"end":{"line":12,"column":3}},"3":{"start":{"line":16,"column":2},"end":{"line":21,"column":1}},"4":{"start":{"line":25,"column":2},"end":{"line":25,"column":77}},"5":{"start":{"line":25,"column":68},"end":{"line":25,"column":77}},"6":{"start":{"line":26,"column":22},"end":{"line":26,"column":39}},"7":{"start":{"line":27,"column":18},"end":{"line":27,"column":36}},"8":{"start":{"line":28,"column":2},"end":{"line":28,"column":24}},"9":{"start":{"line":31,"column":0},"end":{"line":31,"column":24}}},"fnMap":{"0":{"name":"transform","decl":{"start":{"line":4,"column":9},"end":{"line":4,"column":18}},"loc":{"start":{"line":4,"column":27},"end":{"line":13,"column":1}},"line":4},"1":{"name":"write","decl":{"start":{"line":15,"column":9},"end":{"line":15,"column":14}},"loc":{"start":{"line":15,"column":28},"end":{"line":22,"column":1}},"line":15},"2":{"name":"get","decl":{"start":{"line":24,"column":9},"end":{"line":24,"column":12}},"loc":{"start":{"line":24,"column":21},"end":{"line":29,"column":1}},"line":24}},"branchMap":{"0":{"loc":{"start":{"line":25,"column":2},"end":{"line":25,"column":77}},"type":"if","locations":[{"start":{"line":25,"column":2},"end":{"line":25,"column":77}},{"start":{"line":25,"column":2},"end":{"line":25,"column":77}}],"line":25},"1":{"loc":{"start":{"line":25,"column":6},"end":{"line":25,"column":66}},"type":"binary-expr","locations":[{"start":{"line":25,"column":6},"end":{"line":25,"column":22}},{"start":{"line":25,"column":26},"end":{"line":25,"column":66}}],"line":25}},"s":{"0":1,"1":1,"2":1,"3":1,"4":3,"5":2,"6":1,"7":1,"8":1,"9":1},"f":{"0":1,"1":1,"2":3},"b":{"0":[2,1],"1":[3,2]},"_coverageSchema":"1a1c01bbd47fc00a2c39e90264f33305004495a9","hash":"57d7a6d8bbbe578d50f4cb8b25b2efc4dee62018"}
,"/Users/dan/Sites/personal/typebeast/src/get-inline-code.js": {"path":"/Users/dan/Sites/personal/typebeast/src/get-inline-code.js","statementMap":{"0":{"start":{"line":1,"column":19},"end":{"line":1,"column":47}},"1":{"start":{"line":6,"column":4},"end":{"line":6,"column":22}},"2":{"start":{"line":8,"column":32},"end":{"line":14,"column":1}},"3":{"start":{"line":16,"column":28},"end":{"line":19,"column":1}},"4":{"start":{"line":22,"column":42},"end":{"line":22,"column":72}},"5":{"start":{"line":23,"column":27},"end":{"line":23,"column":57}},"6":{"start":{"line":24,"column":2},"end":{"line":31,"column":3}},"7":{"start":{"line":35,"column":2},"end":{"line":40,"column":4}},"8":{"start":{"line":44,"column":2},"end":{"line":44,"column":56}},"9":{"start":{"line":44,"column":47},"end":{"line":44,"column":56}},"10":{"start":{"line":45,"column":22},"end":{"line":45,"column":39}},"11":{"start":{"line":46,"column":2},"end":{"line":46,"column":27}},"12":{"start":{"line":49,"column":0},"end":{"line":49,"column":42}}},"fnMap":{"0":{"name":"transform","decl":{"start":{"line":21,"column":9},"end":{"line":21,"column":18}},"loc":{"start":{"line":21,"column":27},"end":{"line":32,"column":1}},"line":21},"1":{"name":"write","decl":{"start":{"line":34,"column":9},"end":{"line":34,"column":14}},"loc":{"start":{"line":34,"column":21},"end":{"line":41,"column":1}},"line":34},"2":{"name":"get","decl":{"start":{"line":43,"column":9},"end":{"line":43,"column":12}},"loc":{"start":{"line":43,"column":21},"end":{"line":47,"column":1}},"line":43}},"branchMap":{"0":{"loc":{"start":{"line":22,"column":10},"end":{"line":22,"column":23}},"type":"default-arg","locations":[{"start":{"line":22,"column":21},"end":{"line":22,"column":23}}],"line":22},"1":{"loc":{"start":{"line":22,"column":25},"end":{"line":22,"column":37}},"type":"default-arg","locations":[{"start":{"line":22,"column":35},"end":{"line":22,"column":37}}],"line":22},"2":{"loc":{"start":{"line":44,"column":2},"end":{"line":44,"column":56}},"type":"if","locations":[{"start":{"line":44,"column":2},"end":{"line":44,"column":56}},{"start":{"line":44,"column":2},"end":{"line":44,"column":56}}],"line":44},"3":{"loc":{"start":{"line":44,"column":8},"end":{"line":44,"column":39}},"type":"binary-expr","locations":[{"start":{"line":44,"column":8},"end":{"line":44,"column":33}},{"start":{"line":44,"column":37},"end":{"line":44,"column":39}}],"line":44}},"s":{"0":1,"1":1,"2":1,"3":1,"4":6,"5":6,"6":6,"7":2,"8":3,"9":2,"10":1,"11":1,"12":1},"f":{"0":6,"1":2,"2":3},"b":{"0":[1],"1":[2],"2":[2,1],"3":[3,1]},"_coverageSchema":"1a1c01bbd47fc00a2c39e90264f33305004495a9","hash":"d759f1567f186051e6657eb1e598e2480a15f3b2"}
,"/Users/dan/Sites/personal/typebeast/src/get-inline-kbd.js": {"path":"/Users/dan/Sites/personal/typebeast/src/get-inline-kbd.js","statementMap":{"0":{"start":{"line":1,"column":19},"end":{"line":1,"column":47}},"1":{"start":{"line":6,"column":4},"end":{"line":6,"column":22}},"2":{"start":{"line":8,"column":32},"end":{"line":15,"column":1}},"3":{"start":{"line":17,"column":28},"end":{"line":20,"column":1}},"4":{"start":{"line":23,"column":42},"end":{"line":23,"column":71}},"5":{"start":{"line":24,"column":27},"end":{"line":24,"column":57}},"6":{"start":{"line":25,"column":2},"end":{"line":32,"column":3}},"7":{"start":{"line":36,"column":2},"end":{"line":41,"column":4}},"8":{"start":{"line":45,"column":2},"end":{"line":45,"column":55}},"9":{"start":{"line":45,"column":46},"end":{"line":45,"column":55}},"10":{"start":{"line":46,"column":22},"end":{"line":46,"column":39}},"11":{"start":{"line":47,"column":2},"end":{"line":47,"column":27}},"12":{"start":{"line":50,"column":0},"end":{"line":50,"column":42}}},"fnMap":{"0":{"name":"transform","decl":{"start":{"line":22,"column":9},"end":{"line":22,"column":18}},"loc":{"start":{"line":22,"column":27},"end":{"line":33,"column":1}},"line":22},"1":{"name":"write","decl":{"start":{"line":35,"column":9},"end":{"line":35,"column":14}},"loc":{"start":{"line":35,"column":21},"end":{"line":42,"column":1}},"line":35},"2":{"name":"get","decl":{"start":{"line":44,"column":9},"end":{"line":44,"column":12}},"loc":{"start":{"line":44,"column":21},"end":{"line":48,"column":1}},"line":44}},"branchMap":{"0":{"loc":{"start":{"line":23,"column":10},"end":{"line":23,"column":23}},"type":"default-arg","locations":[{"start":{"line":23,"column":21},"end":{"line":23,"column":23}}],"line":23},"1":{"loc":{"start":{"line":23,"column":25},"end":{"line":23,"column":37}},"type":"default-arg","locations":[{"start":{"line":23,"column":35},"end":{"line":23,"column":37}}],"line":23},"2":{"loc":{"start":{"line":45,"column":2},"end":{"line":45,"column":55}},"type":"if","locations":[{"start":{"line":45,"column":2},"end":{"line":45,"column":55}},{"start":{"line":45,"column":2},"end":{"line":45,"column":55}}],"line":45},"3":{"loc":{"start":{"line":45,"column":8},"end":{"line":45,"column":39}},"type":"binary-expr","locations":[{"start":{"line":45,"column":8},"end":{"line":45,"column":33}},{"start":{"line":45,"column":37},"end":{"line":45,"column":39}}],"line":45}},"s":{"0":1,"1":1,"2":1,"3":1,"4":6,"5":6,"6":6,"7":2,"8":3,"9":2,"10":1,"11":1,"12":1},"f":{"0":6,"1":2,"2":3},"b":{"0":[1],"1":[2],"2":[2,1],"3":[3,1]},"_coverageSchema":"1a1c01bbd47fc00a2c39e90264f33305004495a9","hash":"f33e46a74b8e23074aabd74044d69a16a709517d"}
,"/Users/dan/Sites/personal/typebeast/src/get-inline-links.js": {"path":"/Users/dan/Sites/personal/typebeast/src/get-inline-links.js","statementMap":{"0":{"start":{"line":1,"column":19},"end":{"line":1,"column":47}},"1":{"start":{"line":6,"column":4},"end":{"line":6,"column":22}},"2":{"start":{"line":8,"column":32},"end":{"line":14,"column":1}},"3":{"start":{"line":17,"column":42},"end":{"line":17,"column":69}},"4":{"start":{"line":18,"column":27},"end":{"line":18,"column":57}},"5":{"start":{"line":19,"column":2},"end":{"line":25,"column":3}},"6":{"start":{"line":29,"column":2},"end":{"line":34,"column":4}},"7":{"start":{"line":38,"column":2},"end":{"line":38,"column":53}},"8":{"start":{"line":38,"column":44},"end":{"line":38,"column":53}},"9":{"start":{"line":39,"column":22},"end":{"line":39,"column":39}},"10":{"start":{"line":40,"column":2},"end":{"line":40,"column":27}},"11":{"start":{"line":43,"column":0},"end":{"line":43,"column":42}}},"fnMap":{"0":{"name":"transform","decl":{"start":{"line":16,"column":9},"end":{"line":16,"column":18}},"loc":{"start":{"line":16,"column":27},"end":{"line":26,"column":1}},"line":16},"1":{"name":"write","decl":{"start":{"line":28,"column":9},"end":{"line":28,"column":14}},"loc":{"start":{"line":28,"column":21},"end":{"line":35,"column":1}},"line":28},"2":{"name":"get","decl":{"start":{"line":37,"column":9},"end":{"line":37,"column":12}},"loc":{"start":{"line":37,"column":21},"end":{"line":41,"column":1}},"line":37}},"branchMap":{"0":{"loc":{"start":{"line":17,"column":10},"end":{"line":17,"column":23}},"type":"default-arg","locations":[{"start":{"line":17,"column":21},"end":{"line":17,"column":23}}],"line":17},"1":{"loc":{"start":{"line":17,"column":25},"end":{"line":17,"column":37}},"type":"default-arg","locations":[{"start":{"line":17,"column":35},"end":{"line":17,"column":37}}],"line":17},"2":{"loc":{"start":{"line":38,"column":2},"end":{"line":38,"column":53}},"type":"if","locations":[{"start":{"line":38,"column":2},"end":{"line":38,"column":53}},{"start":{"line":38,"column":2},"end":{"line":38,"column":53}}],"line":38},"3":{"loc":{"start":{"line":38,"column":8},"end":{"line":38,"column":39}},"type":"binary-expr","locations":[{"start":{"line":38,"column":8},"end":{"line":38,"column":33}},{"start":{"line":38,"column":37},"end":{"line":38,"column":39}}],"line":38}},"s":{"0":1,"1":1,"2":1,"3":6,"4":6,"5":6,"6":2,"7":3,"8":2,"9":1,"10":1,"11":1},"f":{"0":6,"1":2,"2":3},"b":{"0":[1],"1":[2],"2":[2,1],"3":[3,1]},"_coverageSchema":"1a1c01bbd47fc00a2c39e90264f33305004495a9","hash":"dd4a0856ee701c4048356ef899d21f60780c9f84"}
,"/Users/dan/Sites/personal/typebeast/src/get-sass-settings-map.js": {"path":"/Users/dan/Sites/personal/typebeast/src/get-sass-settings-map.js","statementMap":{"0":{"start":{"line":1,"column":19},"end":{"line":1,"column":47}},"1":{"start":{"line":4,"column":28},"end":{"line":4,"column":34}},"2":{"start":{"line":5,"column":2},"end":{"line":12,"column":4}},"3":{"start":{"line":9,"column":20},"end":{"line":9,"column":48}},"4":{"start":{"line":15,"column":0},"end":{"line":15,"column":24}}},"fnMap":{"0":{"name":"get","decl":{"start":{"line":3,"column":9},"end":{"line":3,"column":12}},"loc":{"start":{"line":3,"column":50},"end":{"line":13,"column":1}},"line":3},"1":{"name":"(anonymous_1)","decl":{"start":{"line":9,"column":13},"end":{"line":9,"column":14}},"loc":{"start":{"line":9,"column":20},"end":{"line":9,"column":48}},"line":9}},"branchMap":{"0":{"loc":{"start":{"line":3,"column":21},"end":{"line":3,"column":48}},"type":"default-arg","locations":[{"start":{"line":3,"column":28},"end":{"line":3,"column":48}}],"line":3},"1":{"loc":{"start":{"line":4,"column":10},"end":{"line":4,"column":23}},"type":"default-arg","locations":[{"start":{"line":4,"column":21},"end":{"line":4,"column":23}}],"line":4}},"s":{"0":1,"1":5,"2":5,"3":6,"4":1},"f":{"0":5,"1":6},"b":{"0":[4],"1":[2]},"_coverageSchema":"1a1c01bbd47fc00a2c39e90264f33305004495a9","hash":"e74928a63aa02d1442ac5b9fa76b4be2d1a2e5c4"}
,"/Users/dan/Sites/personal/typebeast/src/get-spacing.js": {"path":"/Users/dan/Sites/personal/typebeast/src/get-spacing.js","statementMap":{"0":{"start":{"line":1,"column":22},"end":{"line":1,"column":52}},"1":{"start":{"line":2,"column":18},"end":{"line":2,"column":44}},"2":{"start":{"line":5,"column":2},"end":{"line":8,"column":4}},"3":{"start":{"line":11,"column":0},"end":{"line":11,"column":24}}},"fnMap":{"0":{"name":"get","decl":{"start":{"line":4,"column":9},"end":{"line":4,"column":12}},"loc":{"start":{"line":4,"column":21},"end":{"line":9,"column":1}},"line":4}},"branchMap":{},"s":{"0":0,"1":0,"2":0,"3":0},"f":{"0":0},"b":{}}
,"/Users/dan/Sites/personal/typebeast/src/get-typography.js": {"path":"/Users/dan/Sites/personal/typebeast/src/get-typography.js","statementMap":{"0":{"start":{"line":1,"column":21},"end":{"line":1,"column":49}},"1":{"start":{"line":2,"column":22},"end":{"line":2,"column":51}},"2":{"start":{"line":3,"column":31},"end":{"line":3,"column":56}},"3":{"start":{"line":4,"column":31},"end":{"line":4,"column":56}},"4":{"start":{"line":9,"column":20},"end":{"line":9,"column":36}},"5":{"start":{"line":11,"column":22},"end":{"line":11,"column":42}},"6":{"start":{"line":12,"column":17},"end":{"line":12,"column":51}},"7":{"start":{"line":13,"column":21},"end":{"line":13,"column":71}},"8":{"start":{"line":14,"column":2},"end":{"line":14,"column":31}},"9":{"start":{"line":17,"column":0},"end":{"line":17,"column":24}}},"fnMap":{"0":{"name":"get","decl":{"start":{"line":6,"column":9},"end":{"line":6,"column":12}},"loc":{"start":{"line":6,"column":21},"end":{"line":15,"column":1}},"line":6}},"branchMap":{},"s":{"0":0,"1":0,"2":0,"3":0,"4":0,"5":0,"6":0,"7":0,"8":0,"9":0},"f":{"0":0},"b":{}}
,"/Users/dan/Sites/personal/typebeast/src/get-wysiwyg-spacing.js": {"path":"/Users/dan/Sites/personal/typebeast/src/get-wysiwyg-spacing.js","statementMap":{"0":{"start":{"line":1,"column":22},"end":{"line":1,"column":60}},"1":{"start":{"line":2,"column":18},"end":{"line":2,"column":52}},"2":{"start":{"line":5,"column":2},"end":{"line":5,"column":33}},"3":{"start":{"line":8,"column":0},"end":{"line":8,"column":24}}},"fnMap":{"0":{"name":"get","decl":{"start":{"line":4,"column":9},"end":{"line":4,"column":12}},"loc":{"start":{"line":4,"column":21},"end":{"line":6,"column":1}},"line":4}},"branchMap":{},"s":{"0":0,"1":0,"2":0,"3":0},"f":{"0":0},"b":{}}
,"/Users/dan/Sites/personal/typebeast/src/index.js": {"path":"/Users/dan/Sites/personal/typebeast/src/index.js","statementMap":{"0":{"start":{"line":1,"column":13},"end":{"line":1,"column":28}},"1":{"start":{"line":2,"column":11},"end":{"line":2,"column":30}},"2":{"start":{"line":3,"column":13},"end":{"line":3,"column":33}},"3":{"start":{"line":5,"column":18},"end":{"line":5,"column":43}},"4":{"start":{"line":6,"column":18},"end":{"line":6,"column":44}},"5":{"start":{"line":7,"column":21},"end":{"line":7,"column":49}},"6":{"start":{"line":8,"column":36},"end":{"line":8,"column":70}},"7":{"start":{"line":9,"column":28},"end":{"line":9,"column":52}},"8":{"start":{"line":10,"column":35},"end":{"line":10,"column":67}},"9":{"start":{"line":11,"column":31},"end":{"line":11,"column":58}},"10":{"start":{"line":12,"column":32},"end":{"line":12,"column":61}},"11":{"start":{"line":13,"column":31},"end":{"line":13,"column":59}},"12":{"start":{"line":14,"column":30},"end":{"line":14,"column":57}},"13":{"start":{"line":15,"column":32},"end":{"line":15,"column":61}},"14":{"start":{"line":17,"column":39},"end":{"line":17,"column":50}},"15":{"start":{"line":21,"column":17},"end":{"line":21,"column":45}},"16":{"start":{"line":22,"column":17},"end":{"line":22,"column":47}},"17":{"start":{"line":23,"column":23},"end":{"line":23,"column":61}},"18":{"start":{"line":24,"column":21},"end":{"line":24,"column":53}},"19":{"start":{"line":25,"column":21},"end":{"line":25,"column":46}},"20":{"start":{"line":26,"column":29},"end":{"line":40,"column":3}},"21":{"start":{"line":42,"column":26},"end":{"line":46,"column":3}},"22":{"start":{"line":49,"column":17},"end":{"line":49,"column":41}},"23":{"start":{"line":51,"column":19},"end":{"line":51,"column":44}},"24":{"start":{"line":54,"column":17},"end":{"line":54,"column":40}},"25":{"start":{"line":56,"column":31},"end":{"line":56,"column":71}},"26":{"start":{"line":57,"column":2},"end":{"line":57,"column":38}},"27":{"start":{"line":57,"column":14},"end":{"line":57,"column":38}},"28":{"start":{"line":59,"column":2},"end":{"line":59,"column":25}},"29":{"start":{"line":61,"column":19},"end":{"line":61,"column":45}},"30":{"start":{"line":64,"column":33},"end":{"line":64,"column":54}},"31":{"start":{"line":65,"column":18},"end":{"line":65,"column":36}},"32":{"start":{"line":66,"column":25},"end":{"line":66,"column":50}},"33":{"start":{"line":67,"column":22},"end":{"line":67,"column":44}},"34":{"start":{"line":68,"column":21},"end":{"line":68,"column":42}},"35":{"start":{"line":69,"column":20},"end":{"line":69,"column":40}},"36":{"start":{"line":70,"column":22},"end":{"line":70,"column":44}},"37":{"start":{"line":74,"column":2},"end":{"line":74,"column":35}},"38":{"start":{"line":75,"column":2},"end":{"line":78,"column":3}},"39":{"start":{"line":77,"column":4},"end":{"line":77,"column":67}},"40":{"start":{"line":80,"column":2},"end":{"line":80,"column":59}},"41":{"start":{"line":82,"column":2},"end":{"line":82,"column":55}},"42":{"start":{"line":84,"column":2},"end":{"line":84,"column":63}},"43":{"start":{"line":85,"column":2},"end":{"line":85,"column":57}},"44":{"start":{"line":86,"column":2},"end":{"line":86,"column":71}},"45":{"start":{"line":87,"column":2},"end":{"line":87,"column":65}},"46":{"start":{"line":88,"column":2},"end":{"line":88,"column":63}},"47":{"start":{"line":89,"column":2},"end":{"line":89,"column":61}},"48":{"start":{"line":90,"column":2},"end":{"line":90,"column":65}},"49":{"start":{"line":92,"column":17},"end":{"line":97,"column":4}},"50":{"start":{"line":99,"column":2},"end":{"line":99,"column":60}},"51":{"start":{"line":100,"column":2},"end":{"line":103,"column":3}},"52":{"start":{"line":102,"column":4},"end":{"line":102,"column":62}},"53":{"start":{"line":104,"column":2},"end":{"line":108,"column":3}},"54":{"start":{"line":107,"column":4},"end":{"line":107,"column":31}},"55":{"start":{"line":111,"column":2},"end":{"line":111,"column":36}},"56":{"start":{"line":116,"column":2},"end":{"line":116,"column":25}},"57":{"start":{"line":119,"column":0},"end":{"line":119,"column":21}}},"fnMap":{"0":{"name":"main","decl":{"start":{"line":19,"column":15},"end":{"line":19,"column":19}},"loc":{"start":{"line":19,"column":31},"end":{"line":117,"column":1}},"line":19}},"branchMap":{"0":{"loc":{"start":{"line":17,"column":8},"end":{"line":17,"column":34}},"type":"default-arg","locations":[{"start":{"line":17,"column":33},"end":{"line":17,"column":34}}],"line":17},"1":{"loc":{"start":{"line":19,"column":20},"end":{"line":19,"column":29}},"type":"default-arg","locations":[{"start":{"line":19,"column":27},"end":{"line":19,"column":29}}],"line":19},"2":{"loc":{"start":{"line":57,"column":2},"end":{"line":57,"column":38}},"type":"if","locations":[{"start":{"line":57,"column":2},"end":{"line":57,"column":38}},{"start":{"line":57,"column":2},"end":{"line":57,"column":38}}],"line":57},"3":{"loc":{"start":{"line":75,"column":2},"end":{"line":78,"column":3}},"type":"if","locations":[{"start":{"line":75,"column":2},"end":{"line":78,"column":3}},{"start":{"line":75,"column":2},"end":{"line":78,"column":3}}],"line":75},"4":{"loc":{"start":{"line":100,"column":2},"end":{"line":103,"column":3}},"type":"if","locations":[{"start":{"line":100,"column":2},"end":{"line":103,"column":3}},{"start":{"line":100,"column":2},"end":{"line":103,"column":3}}],"line":100},"5":{"loc":{"start":{"line":104,"column":2},"end":{"line":108,"column":3}},"type":"if","locations":[{"start":{"line":104,"column":2},"end":{"line":108,"column":3}},{"start":{"line":104,"column":2},"end":{"line":108,"column":3}}],"line":104}},"s":{"0":0,"1":0,"2":0,"3":0,"4":0,"5":0,"6":0,"7":0,"8":0,"9":0,"10":0,"11":0,"12":0,"13":0,"14":0,"15":0,"16":0,"17":0,"18":0,"19":0,"20":0,"21":0,"22":0,"23":0,"24":0,"25":0,"26":0,"27":0,"28":0,"29":0,"30":0,"31":0,"32":0,"33":0,"34":0,"35":0,"36":0,"37":0,"38":0,"39":0,"40":0,"41":0,"42":0,"43":0,"44":0,"45":0,"46":0,"47":0,"48":0,"49":0,"50":0,"51":0,"52":0,"53":0,"54":0,"55":0,"56":0,"57":0},"f":{"0":0},"b":{"0":[0],"1":[0],"2":[0,0],"3":[0,0],"4":[0,0],"5":[0,0]}}
,"/Users/dan/Sites/personal/typebeast/src/merge-objects.js": {"path":"/Users/dan/Sites/personal/typebeast/src/merge-objects.js","statementMap":{"0":{"start":{"line":1,"column":16},"end":{"line":1,"column":39}},"1":{"start":{"line":4,"column":2},"end":{"line":4,"column":38}},"2":{"start":{"line":7,"column":0},"end":{"line":7,"column":26}}},"fnMap":{"0":{"name":"merge","decl":{"start":{"line":3,"column":9},"end":{"line":3,"column":14}},"loc":{"start":{"line":3,"column":33},"end":{"line":5,"column":1}},"line":3}},"branchMap":{},"s":{"0":1,"1":3,"2":1},"f":{"0":3},"b":{},"_coverageSchema":"1a1c01bbd47fc00a2c39e90264f33305004495a9","hash":"80770011e14d46f2ebd76f28bb4b6c31ad469f7e"}
,"/Users/dan/Sites/personal/typebeast/src/parse-config.js": {"path":"/Users/dan/Sites/personal/typebeast/src/parse-config.js","statementMap":{"0":{"start":{"line":1,"column":11},"end":{"line":1,"column":30}},"1":{"start":{"line":2,"column":13},"end":{"line":2,"column":28}},"2":{"start":{"line":5,"column":15},"end":{"line":5,"column":47}},"3":{"start":{"line":6,"column":2},"end":{"line":6,"column":25}},"4":{"start":{"line":9,"column":0},"end":{"line":9,"column":26}}},"fnMap":{"0":{"name":"parse","decl":{"start":{"line":4,"column":15},"end":{"line":4,"column":20}},"loc":{"start":{"line":4,"column":28},"end":{"line":7,"column":1}},"line":4}},"branchMap":{},"s":{"0":1,"1":1,"2":3,"3":3,"4":1},"f":{"0":3},"b":{},"_coverageSchema":"1a1c01bbd47fc00a2c39e90264f33305004495a9","hash":"f5f123445ee7d43938a84b1262e5ed5fe966105b"}
,"/Users/dan/Sites/personal/typebeast/src/prettier-format.js": {"path":"/Users/dan/Sites/personal/typebeast/src/prettier-format.js","statementMap":{"0":{"start":{"line":1,"column":17},"end":{"line":1,"column":36}},"1":{"start":{"line":2,"column":15},"end":{"line":2,"column":77}},"2":{"start":{"line":2,"column":51},"end":{"line":2,"column":77}},"3":{"start":{"line":3,"column":0},"end":{"line":3,"column":27}}},"fnMap":{"0":{"name":"(anonymous_0)","decl":{"start":{"line":2,"column":15},"end":{"line":2,"column":16}},"loc":{"start":{"line":2,"column":51},"end":{"line":2,"column":77}},"line":2}},"branchMap":{"0":{"loc":{"start":{"line":2,"column":21},"end":{"line":2,"column":46}},"type":"default-arg","locations":[{"start":{"line":2,"column":28},"end":{"line":2,"column":46}}],"line":2}},"s":{"0":9,"1":9,"2":16,"3":9},"f":{"0":16},"b":{"0":[16]},"_coverageSchema":"1a1c01bbd47fc00a2c39e90264f33305004495a9","hash":"58864eb0245cc1231db40ed4e98875df40212f47"}
,"/Users/dan/Sites/personal/typebeast/src/sanitize-config.js": {"path":"/Users/dan/Sites/personal/typebeast/src/sanitize-config.js","statementMap":{"0":{"start":{"line":1,"column":18},"end":{"line":1,"column":45}},"1":{"start":{"line":3,"column":23},"end":{"line":11,"column":1}},"2":{"start":{"line":14,"column":2},"end":{"line":23,"column":3}},"3":{"start":{"line":15,"column":4},"end":{"line":22,"column":5}},"4":{"start":{"line":17,"column":8},"end":{"line":20,"column":9}},"5":{"start":{"line":24,"column":2},"end":{"line":24,"column":15}},"6":{"start":{"line":28,"column":2},"end":{"line":28,"column":30}},"7":{"start":{"line":29,"column":2},"end":{"line":31,"column":3}},"8":{"start":{"line":30,"column":4},"end":{"line":30,"column":60}},"9":{"start":{"line":32,"column":2},"end":{"line":32,"column":15}},"10":{"start":{"line":35,"column":0},"end":{"line":35,"column":29}}},"fnMap":{"0":{"name":"setNullPropertyDefaults","decl":{"start":{"line":13,"column":9},"end":{"line":13,"column":32}},"loc":{"start":{"line":13,"column":49},"end":{"line":25,"column":1}},"line":13},"1":{"name":"(anonymous_1)","decl":{"start":{"line":14,"column":44},"end":{"line":14,"column":45}},"loc":{"start":{"line":15,"column":4},"end":{"line":22,"column":5}},"line":15},"2":{"name":"(anonymous_2)","decl":{"start":{"line":16,"column":6},"end":{"line":16,"column":7}},"loc":{"start":{"line":16,"column":46},"end":{"line":21,"column":7}},"line":16},"3":{"name":"sanitize","decl":{"start":{"line":27,"column":9},"end":{"line":27,"column":17}},"loc":{"start":{"line":27,"column":28},"end":{"line":33,"column":1}},"line":27}},"branchMap":{"0":{"loc":{"start":{"line":29,"column":2},"end":{"line":31,"column":3}},"type":"if","locations":[{"start":{"line":29,"column":2},"end":{"line":31,"column":3}},{"start":{"line":29,"column":2},"end":{"line":31,"column":3}}],"line":29}},"s":{"0":1,"1":1,"2":1,"3":10,"4":20,"5":1,"6":2,"7":2,"8":1,"9":2,"10":1},"f":{"0":1,"1":10,"2":20,"3":2},"b":{"0":[1,1]},"_coverageSchema":"1a1c01bbd47fc00a2c39e90264f33305004495a9","hash":"44b9833f946f2d6431d13b1f7784d941ac6f1db8"}
,"/Users/dan/Sites/personal/typebeast/src/transform-config.js": {"path":"/Users/dan/Sites/personal/typebeast/src/transform-config.js","statementMap":{"0":{"start":{"line":1,"column":25},"end":{"line":4,"column":14}},"1":{"start":{"line":2,"column":2},"end":{"line":4,"column":14}},"2":{"start":{"line":3,"column":21},"end":{"line":3,"column":34}},"3":{"start":{"line":6,"column":23},"end":{"line":9,"column":14}},"4":{"start":{"line":7,"column":2},"end":{"line":9,"column":14}},"5":{"start":{"line":8,"column":14},"end":{"line":8,"column":21}},"6":{"start":{"line":11,"column":29},"end":{"line":15,"column":1}},"7":{"start":{"line":11,"column":53},"end":{"line":15,"column":1}},"8":{"start":{"line":18,"column":2},"end":{"line":29,"column":3}},"9":{"start":{"line":19,"column":21},"end":{"line":19,"column":65}},"10":{"start":{"line":20,"column":22},"end":{"line":20,"column":59}},"11":{"start":{"line":21,"column":28},"end":{"line":21,"column":79}},"12":{"start":{"line":22,"column":4},"end":{"line":28,"column":5}},"13":{"start":{"line":34,"column":2},"end":{"line":41,"column":8}},"14":{"start":{"line":45,"column":2},"end":{"line":51,"column":3}},"15":{"start":{"line":46,"column":4},"end":{"line":50,"column":5}},"16":{"start":{"line":47,"column":6},"end":{"line":47,"column":39}},"17":{"start":{"line":49,"column":6},"end":{"line":49,"column":31}},"18":{"start":{"line":55,"column":21},"end":{"line":55,"column":41}},"19":{"start":{"line":56,"column":21},"end":{"line":56,"column":47}},"20":{"start":{"line":57,"column":33},"end":{"line":57,"column":73}},"21":{"start":{"line":58,"column":29},"end":{"line":58,"column":66}},"22":{"start":{"line":58,"column":37},"end":{"line":58,"column":66}},"23":{"start":{"line":59,"column":2},"end":{"line":64,"column":3}},"24":{"start":{"line":59,"column":28},"end":{"line":64,"column":3}},"25":{"start":{"line":69,"column":21},"end":{"line":69,"column":51}},"26":{"start":{"line":72,"column":33},"end":{"line":75,"column":3}},"27":{"start":{"line":73,"column":19},"end":{"line":73,"column":73}},"28":{"start":{"line":77,"column":32},"end":{"line":77,"column":67}},"29":{"start":{"line":79,"column":29},"end":{"line":79,"column":61}},"30":{"start":{"line":100,"column":2},"end":{"line":118,"column":3}},"31":{"start":{"line":101,"column":44},"end":{"line":116,"column":5}},"32":{"start":{"line":106,"column":36},"end":{"line":112,"column":11}},"33":{"start":{"line":121,"column":0},"end":{"line":121,"column":30}}},"fnMap":{"0":{"name":"(anonymous_0)","decl":{"start":{"line":1,"column":25},"end":{"line":1,"column":26}},"loc":{"start":{"line":2,"column":2},"end":{"line":4,"column":14}},"line":2},"1":{"name":"(anonymous_1)","decl":{"start":{"line":3,"column":9},"end":{"line":3,"column":10}},"loc":{"start":{"line":3,"column":21},"end":{"line":3,"column":34}},"line":3},"2":{"name":"(anonymous_2)","decl":{"start":{"line":6,"column":23},"end":{"line":6,"column":24}},"loc":{"start":{"line":7,"column":2},"end":{"line":9,"column":14}},"line":7},"3":{"name":"(anonymous_3)","decl":{"start":{"line":8,"column":9},"end":{"line":8,"column":10}},"loc":{"start":{"line":8,"column":14},"end":{"line":8,"column":21}},"line":8},"4":{"name":"(anonymous_4)","decl":{"start":{"line":11,"column":29},"end":{"line":11,"column":30}},"loc":{"start":{"line":11,"column":53},"end":{"line":15,"column":1}},"line":11},"5":{"name":"createGetBlockDataGenerator","decl":{"start":{"line":17,"column":9},"end":{"line":17,"column":36}},"loc":{"start":{"line":17,"column":45},"end":{"line":30,"column":1}},"line":17},"6":{"name":"(anonymous_6)","decl":{"start":{"line":18,"column":9},"end":{"line":18,"column":10}},"loc":{"start":{"line":18,"column":44},"end":{"line":29,"column":3}},"line":18},"7":{"name":"ensureSelectorsAreArrays","decl":{"start":{"line":33,"column":9},"end":{"line":33,"column":33}},"loc":{"start":{"line":33,"column":45},"end":{"line":42,"column":1}},"line":33},"8":{"name":"createSelectorScopeFormatter","decl":{"start":{"line":44,"column":9},"end":{"line":44,"column":37}},"loc":{"start":{"line":44,"column":45},"end":{"line":52,"column":1}},"line":44},"9":{"name":"(anonymous_9)","decl":{"start":{"line":45,"column":9},"end":{"line":45,"column":10}},"loc":{"start":{"line":45,"column":16},"end":{"line":51,"column":3}},"line":45},"10":{"name":"createGetListOfSelectors","decl":{"start":{"line":54,"column":9},"end":{"line":54,"column":33}},"loc":{"start":{"line":54,"column":42},"end":{"line":65,"column":1}},"line":54},"11":{"name":"(anonymous_11)","decl":{"start":{"line":58,"column":29},"end":{"line":58,"column":30}},"loc":{"start":{"line":58,"column":37},"end":{"line":58,"column":66}},"line":58},"12":{"name":"(anonymous_12)","decl":{"start":{"line":59,"column":9},"end":{"line":59,"column":10}},"loc":{"start":{"line":59,"column":28},"end":{"line":64,"column":3}},"line":59},"13":{"name":"transform","decl":{"start":{"line":67,"column":9},"end":{"line":67,"column":18}},"loc":{"start":{"line":67,"column":27},"end":{"line":119,"column":1}},"line":67},"14":{"name":"(anonymous_14)","decl":{"start":{"line":73,"column":4},"end":{"line":73,"column":5}},"loc":{"start":{"line":73,"column":19},"end":{"line":73,"column":73}},"line":73},"15":{"name":"(anonymous_15)","decl":{"start":{"line":101,"column":4},"end":{"line":101,"column":5}},"loc":{"start":{"line":101,"column":44},"end":{"line":116,"column":5}},"line":101},"16":{"name":"(anonymous_16)","decl":{"start":{"line":106,"column":10},"end":{"line":106,"column":11}},"loc":{"start":{"line":106,"column":36},"end":{"line":112,"column":11}},"line":106}},"branchMap":{"0":{"loc":{"start":{"line":34,"column":9},"end":{"line":41,"column":8}},"type":"cond-expr","locations":[{"start":{"line":36,"column":6},"end":{"line":36,"column":15}},{"start":{"line":37,"column":6},"end":{"line":41,"column":8}}],"line":34},"1":{"loc":{"start":{"line":37,"column":6},"end":{"line":41,"column":8}},"type":"cond-expr","locations":[{"start":{"line":39,"column":6},"end":{"line":39,"column":17}},{"start":{"line":41,"column":6},"end":{"line":41,"column":8}}],"line":37},"2":{"loc":{"start":{"line":46,"column":4},"end":{"line":50,"column":5}},"type":"if","locations":[{"start":{"line":46,"column":4},"end":{"line":50,"column":5}},{"start":{"line":46,"column":4},"end":{"line":50,"column":5}}],"line":46}},"s":{"0":1,"1":20,"2":43,"3":1,"4":20,"5":43,"6":1,"7":20,"8":1,"9":20,"10":20,"11":20,"12":20,"13":10,"14":1,"15":14,"16":1,"17":13,"18":1,"19":1,"20":1,"21":1,"22":10,"23":1,"24":10,"25":1,"26":1,"27":10,"28":1,"29":1,"30":1,"31":10,"32":20,"33":1},"f":{"0":20,"1":43,"2":20,"3":43,"4":20,"5":1,"6":20,"7":10,"8":1,"9":14,"10":1,"11":10,"12":10,"13":1,"14":10,"15":10,"16":20},"b":{"0":[2,8],"1":[8,0],"2":[1,13]},"_coverageSchema":"1a1c01bbd47fc00a2c39e90264f33305004495a9","hash":"393429e6f131dd1b18d056203bac5a8c7b84c1e7"}
,"/Users/dan/Sites/personal/typebeast/src/transform-spacing.js": {"path":"/Users/dan/Sites/personal/typebeast/src/transform-spacing.js","statementMap":{"0":{"start":{"line":2,"column":2},"end":{"line":2,"column":41}},"1":{"start":{"line":2,"column":32},"end":{"line":2,"column":41}},"2":{"start":{"line":3,"column":2},"end":{"line":8,"column":3}},"3":{"start":{"line":4,"column":4},"end":{"line":7,"column":5}},"4":{"start":{"line":9,"column":2},"end":{"line":14,"column":3}},"5":{"start":{"line":10,"column":4},"end":{"line":13,"column":5}},"6":{"start":{"line":15,"column":2},"end":{"line":15,"column":42}},"7":{"start":{"line":19,"column":2},"end":{"line":26,"column":3}},"8":{"start":{"line":30,"column":26},"end":{"line":30,"column":61}},"9":{"start":{"line":31,"column":2},"end":{"line":40,"column":3}},"10":{"start":{"line":32,"column":30},"end":{"line":38,"column":5}},"11":{"start":{"line":44,"column":27},"end":{"line":44,"column":33}},"12":{"start":{"line":45,"column":2},"end":{"line":51,"column":3}},"13":{"start":{"line":46,"column":25},"end":{"line":49,"column":5}},"14":{"start":{"line":54,"column":0},"end":{"line":54,"column":30}}},"fnMap":{"0":{"name":"propertyByKey","decl":{"start":{"line":1,"column":9},"end":{"line":1,"column":22}},"loc":{"start":{"line":1,"column":35},"end":{"line":16,"column":1}},"line":1},"1":{"name":"getProperties","decl":{"start":{"line":18,"column":9},"end":{"line":18,"column":22}},"loc":{"start":{"line":18,"column":35},"end":{"line":27,"column":1}},"line":18},"2":{"name":"getDataByBreakpoint","decl":{"start":{"line":29,"column":9},"end":{"line":29,"column":28}},"loc":{"start":{"line":29,"column":35},"end":{"line":41,"column":1}},"line":29},"3":{"name":"(anonymous_3)","decl":{"start":{"line":32,"column":4},"end":{"line":32,"column":5}},"loc":{"start":{"line":32,"column":30},"end":{"line":38,"column":5}},"line":32},"4":{"name":"transform","decl":{"start":{"line":43,"column":9},"end":{"line":43,"column":18}},"loc":{"start":{"line":43,"column":27},"end":{"line":52,"column":1}},"line":43},"5":{"name":"(anonymous_5)","decl":{"start":{"line":46,"column":4},"end":{"line":46,"column":5}},"loc":{"start":{"line":46,"column":25},"end":{"line":49,"column":5}},"line":46}},"branchMap":{"0":{"loc":{"start":{"line":2,"column":2},"end":{"line":2,"column":41}},"type":"if","locations":[{"start":{"line":2,"column":2},"end":{"line":2,"column":41}},{"start":{"line":2,"column":2},"end":{"line":2,"column":41}}],"line":2},"1":{"loc":{"start":{"line":3,"column":2},"end":{"line":8,"column":3}},"type":"if","locations":[{"start":{"line":3,"column":2},"end":{"line":8,"column":3}},{"start":{"line":3,"column":2},"end":{"line":8,"column":3}}],"line":3},"2":{"loc":{"start":{"line":9,"column":2},"end":{"line":14,"column":3}},"type":"if","locations":[{"start":{"line":9,"column":2},"end":{"line":14,"column":3}},{"start":{"line":9,"column":2},"end":{"line":14,"column":3}}],"line":9},"3":{"loc":{"start":{"line":30,"column":38},"end":{"line":30,"column":60}},"type":"binary-expr","locations":[{"start":{"line":30,"column":38},"end":{"line":30,"column":54}},{"start":{"line":30,"column":58},"end":{"line":30,"column":60}}],"line":30},"4":{"loc":{"start":{"line":44,"column":10},"end":{"line":44,"column":22}},"type":"default-arg","locations":[{"start":{"line":44,"column":20},"end":{"line":44,"column":22}}],"line":44}},"s":{"0":48,"1":40,"2":8,"3":6,"4":2,"5":2,"6":0,"7":8,"8":6,"9":6,"10":8,"11":2,"12":2,"13":6,"14":2},"f":{"0":48,"1":8,"2":6,"3":8,"4":2,"5":6},"b":{"0":[40,8],"1":[6,2],"2":[2,0],"3":[6,0],"4":[0]},"_coverageSchema":"1a1c01bbd47fc00a2c39e90264f33305004495a9","hash":"7da2ec5205bbd4cf256a96ac0b19d9f0a494a4af"}
,"/Users/dan/Sites/personal/typebeast/src/transform-wysiwyg-spacing.js": {"path":"/Users/dan/Sites/personal/typebeast/src/transform-wysiwyg-spacing.js","statementMap":{"0":{"start":{"line":2,"column":2},"end":{"line":2,"column":35}},"1":{"start":{"line":7,"column":2},"end":{"line":7,"column":41}},"2":{"start":{"line":7,"column":32},"end":{"line":7,"column":41}},"3":{"start":{"line":8,"column":2},"end":{"line":13,"column":3}},"4":{"start":{"line":9,"column":4},"end":{"line":12,"column":5}},"5":{"start":{"line":14,"column":2},"end":{"line":19,"column":3}},"6":{"start":{"line":15,"column":4},"end":{"line":18,"column":5}},"7":{"start":{"line":20,"column":2},"end":{"line":20,"column":42}},"8":{"start":{"line":24,"column":2},"end":{"line":31,"column":3}},"9":{"start":{"line":35,"column":2},"end":{"line":43,"column":3}},"10":{"start":{"line":36,"column":28},"end":{"line":39,"column":5}},"11":{"start":{"line":38,"column":22},"end":{"line":38,"column":72}},"12":{"start":{"line":41,"column":23},"end":{"line":41,"column":27}},"13":{"start":{"line":47,"column":2},"end":{"line":62,"column":3}},"14":{"start":{"line":48,"column":44},"end":{"line":60,"column":5}},"15":{"start":{"line":53,"column":50},"end":{"line":56,"column":11}},"16":{"start":{"line":66,"column":2},"end":{"line":66,"column":61}},"17":{"start":{"line":66,"column":50},"end":{"line":66,"column":61}},"18":{"start":{"line":67,"column":2},"end":{"line":86,"column":3}},"19":{"start":{"line":89,"column":0},"end":{"line":89,"column":30}}},"fnMap":{"0":{"name":"getScopeFromConfig","decl":{"start":{"line":1,"column":9},"end":{"line":1,"column":27}},"loc":{"start":{"line":1,"column":36},"end":{"line":3,"column":1}},"line":1},"1":{"name":"getSpacingPropertyByKey","decl":{"start":{"line":6,"column":9},"end":{"line":6,"column":32}},"loc":{"start":{"line":6,"column":45},"end":{"line":21,"column":1}},"line":6},"2":{"name":"getSpacingProperties","decl":{"start":{"line":23,"column":9},"end":{"line":23,"column":29}},"loc":{"start":{"line":23,"column":42},"end":{"line":32,"column":1}},"line":23},"3":{"name":"getBreakpointWritersFromConfig","decl":{"start":{"line":34,"column":9},"end":{"line":34,"column":39}},"loc":{"start":{"line":34,"column":48},"end":{"line":44,"column":1}},"line":34},"4":{"name":"(anonymous_4)","decl":{"start":{"line":36,"column":4},"end":{"line":36,"column":5}},"loc":{"start":{"line":36,"column":28},"end":{"line":39,"column":5}},"line":36},"5":{"name":"(anonymous_5)","decl":{"start":{"line":38,"column":14},"end":{"line":38,"column":15}},"loc":{"start":{"line":38,"column":22},"end":{"line":38,"column":72}},"line":38},"6":{"name":"(anonymous_6)","decl":{"start":{"line":41,"column":15},"end":{"line":41,"column":16}},"loc":{"start":{"line":41,"column":23},"end":{"line":41,"column":27}},"line":41},"7":{"name":"getGroupsFromConfig","decl":{"start":{"line":46,"column":9},"end":{"line":46,"column":28}},"loc":{"start":{"line":46,"column":37},"end":{"line":63,"column":1}},"line":46},"8":{"name":"(anonymous_8)","decl":{"start":{"line":48,"column":4},"end":{"line":48,"column":5}},"loc":{"start":{"line":48,"column":44},"end":{"line":60,"column":5}},"line":48},"9":{"name":"(anonymous_9)","decl":{"start":{"line":53,"column":10},"end":{"line":53,"column":11}},"loc":{"start":{"line":53,"column":50},"end":{"line":56,"column":11}},"line":53},"10":{"name":"transform","decl":{"start":{"line":65,"column":9},"end":{"line":65,"column":18}},"loc":{"start":{"line":65,"column":27},"end":{"line":87,"column":1}},"line":65}},"branchMap":{"0":{"loc":{"start":{"line":7,"column":2},"end":{"line":7,"column":41}},"type":"if","locations":[{"start":{"line":7,"column":2},"end":{"line":7,"column":41}},{"start":{"line":7,"column":2},"end":{"line":7,"column":41}}],"line":7},"1":{"loc":{"start":{"line":8,"column":2},"end":{"line":13,"column":3}},"type":"if","locations":[{"start":{"line":8,"column":2},"end":{"line":13,"column":3}},{"start":{"line":8,"column":2},"end":{"line":13,"column":3}}],"line":8},"2":{"loc":{"start":{"line":14,"column":2},"end":{"line":19,"column":3}},"type":"if","locations":[{"start":{"line":14,"column":2},"end":{"line":19,"column":3}},{"start":{"line":14,"column":2},"end":{"line":19,"column":3}}],"line":14},"3":{"loc":{"start":{"line":66,"column":2},"end":{"line":66,"column":61}},"type":"if","locations":[{"start":{"line":66,"column":2},"end":{"line":66,"column":61}},{"start":{"line":66,"column":2},"end":{"line":66,"column":61}}],"line":66},"4":{"loc":{"start":{"line":66,"column":6},"end":{"line":66,"column":48}},"type":"binary-expr","locations":[{"start":{"line":66,"column":6},"end":{"line":66,"column":21}},{"start":{"line":66,"column":25},"end":{"line":66,"column":48}}],"line":66}},"s":{"0":2,"1":96,"2":80,"3":16,"4":8,"5":8,"6":0,"7":8,"8":16,"9":2,"10":2,"11":1,"12":1,"13":2,"14":8,"15":16,"16":2,"17":0,"18":2,"19":2},"f":{"0":2,"1":96,"2":16,"3":2,"4":2,"5":1,"6":1,"7":2,"8":8,"9":16,"10":2},"b":{"0":[80,16],"1":[8,8],"2":[0,8],"3":[0,2],"4":[2,2]},"_coverageSchema":"1a1c01bbd47fc00a2c39e90264f33305004495a9","hash":"80ee088f20e45013df4a2d0a7aafe58188dec6c9"}
,"/Users/dan/Sites/personal/typebeast/src/utils.js": {"path":"/Users/dan/Sites/personal/typebeast/src/utils.js","statementMap":{"0":{"start":{"line":1,"column":0},"end":{"line":2,"column":48}},"1":{"start":{"line":2,"column":2},"end":{"line":2,"column":48}},"2":{"start":{"line":4,"column":0},"end":{"line":7,"column":15}},"3":{"start":{"line":5,"column":2},"end":{"line":7,"column":15}},"4":{"start":{"line":6,"column":21},"end":{"line":6,"column":34}},"5":{"start":{"line":9,"column":0},"end":{"line":10,"column":77}},"6":{"start":{"line":10,"column":2},"end":{"line":10,"column":77}},"7":{"start":{"line":12,"column":0},"end":{"line":18,"column":15}},"8":{"start":{"line":13,"column":2},"end":{"line":18,"column":15}},"9":{"start":{"line":15,"column":24},"end":{"line":15,"column":77}},"10":{"start":{"line":22,"column":0},"end":{"line":23,"column":52}},"11":{"start":{"line":23,"column":2},"end":{"line":23,"column":52}}},"fnMap":{"0":{"name":"(anonymous_0)","decl":{"start":{"line":1,"column":33},"end":{"line":1,"column":34}},"loc":{"start":{"line":2,"column":2},"end":{"line":2,"column":48}},"line":2},"1":{"name":"(anonymous_1)","decl":{"start":{"line":4,"column":32},"end":{"line":4,"column":33}},"loc":{"start":{"line":5,"column":2},"end":{"line":7,"column":15}},"line":5},"2":{"name":"(anonymous_2)","decl":{"start":{"line":6,"column":9},"end":{"line":6,"column":10}},"loc":{"start":{"line":6,"column":21},"end":{"line":6,"column":34}},"line":6},"3":{"name":"(anonymous_3)","decl":{"start":{"line":9,"column":28},"end":{"line":9,"column":29}},"loc":{"start":{"line":10,"column":2},"end":{"line":10,"column":77}},"line":10},"4":{"name":"(anonymous_4)","decl":{"start":{"line":12,"column":36},"end":{"line":12,"column":37}},"loc":{"start":{"line":13,"column":2},"end":{"line":18,"column":15}},"line":13},"5":{"name":"(anonymous_5)","decl":{"start":{"line":15,"column":6},"end":{"line":15,"column":7}},"loc":{"start":{"line":15,"column":24},"end":{"line":15,"column":77}},"line":15},"6":{"name":"(anonymous_6)","decl":{"start":{"line":22,"column":32},"end":{"line":22,"column":33}},"loc":{"start":{"line":23,"column":2},"end":{"line":23,"column":52}},"line":23}},"branchMap":{"0":{"loc":{"start":{"line":12,"column":52},"end":{"line":12,"column":65}},"type":"default-arg","locations":[{"start":{"line":12,"column":63},"end":{"line":12,"column":65}}],"line":12},"1":{"loc":{"start":{"line":15,"column":37},"end":{"line":15,"column":75}},"type":"binary-expr","locations":[{"start":{"line":15,"column":37},"end":{"line":15,"column":50}},{"start":{"line":15,"column":54},"end":{"line":15,"column":67}},{"start":{"line":15,"column":71},"end":{"line":15,"column":75}}],"line":15},"2":{"loc":{"start":{"line":23,"column":3},"end":{"line":23,"column":35}},"type":"cond-expr","locations":[{"start":{"line":23,"column":24},"end":{"line":23,"column":27}},{"start":{"line":23,"column":30},"end":{"line":23,"column":35}}],"line":23}},"s":{"0":8,"1":2,"2":8,"3":13,"4":23,"5":8,"6":19,"7":8,"8":18,"9":96,"10":8,"11":18},"f":{"0":2,"1":13,"2":23,"3":19,"4":18,"5":96,"6":18},"b":{"0":[6],"1":[96,57,33],"2":[3,15]},"_coverageSchema":"1a1c01bbd47fc00a2c39e90264f33305004495a9","hash":"edb295373df049f036a71af26e1ec96f9b08617c"}
,"/Users/dan/Sites/personal/typebeast/src/validate-config.js": {"path":"/Users/dan/Sites/personal/typebeast/src/validate-config.js","statementMap":{"0":{"start":{"line":2,"column":2},"end":{"line":10,"column":3}},"1":{"start":{"line":3,"column":4},"end":{"line":9,"column":5}},"2":{"start":{"line":11,"column":2},"end":{"line":11,"column":36}},"3":{"start":{"line":12,"column":2},"end":{"line":20,"column":3}},"4":{"start":{"line":13,"column":4},"end":{"line":19,"column":5}},"5":{"start":{"line":21,"column":2},"end":{"line":21,"column":43}},"6":{"start":{"line":24,"column":0},"end":{"line":24,"column":29}}},"fnMap":{"0":{"name":"validate","decl":{"start":{"line":1,"column":9},"end":{"line":1,"column":17}},"loc":{"start":{"line":1,"column":48},"end":{"line":22,"column":1}},"line":1}},"branchMap":{"0":{"loc":{"start":{"line":2,"column":2},"end":{"line":10,"column":3}},"type":"if","locations":[{"start":{"line":2,"column":2},"end":{"line":10,"column":3}},{"start":{"line":2,"column":2},"end":{"line":10,"column":3}}],"line":2},"1":{"loc":{"start":{"line":12,"column":2},"end":{"line":20,"column":3}},"type":"if","locations":[{"start":{"line":12,"column":2},"end":{"line":20,"column":3}},{"start":{"line":12,"column":2},"end":{"line":20,"column":3}}],"line":12}},"s":{"0":3,"1":1,"2":2,"3":2,"4":1,"5":1,"6":1},"f":{"0":3},"b":{"0":[1,2],"1":[1,1]},"_coverageSchema":"1a1c01bbd47fc00a2c39e90264f33305004495a9","hash":"8b6d8b688051c37f4667487566429f5f9c7ab721"}
,"/Users/dan/Sites/personal/typebeast/src/write-mixins.js": {"path":"/Users/dan/Sites/personal/typebeast/src/write-mixins.js","statementMap":{"0":{"start":{"line":1,"column":19},"end":{"line":1,"column":47}},"1":{"start":{"line":2,"column":30},"end":{"line":2,"column":48}},"2":{"start":{"line":5,"column":2},"end":{"line":6,"column":64}},"3":{"start":{"line":6,"column":4},"end":{"line":6,"column":64}},"4":{"start":{"line":10,"column":31},"end":{"line":10,"column":60}},"5":{"start":{"line":11,"column":2},"end":{"line":14,"column":5}},"6":{"start":{"line":12,"column":4},"end":{"line":14,"column":5}},"7":{"start":{"line":13,"column":6},"end":{"line":13,"column":59}},"8":{"start":{"line":18,"column":32},"end":{"line":18,"column":62}},"9":{"start":{"line":19,"column":2},"end":{"line":22,"column":17}},"10":{"start":{"line":20,"column":4},"end":{"line":22,"column":17}},"11":{"start":{"line":26,"column":32},"end":{"line":26,"column":62}},"12":{"start":{"line":27,"column":28},"end":{"line":27,"column":72}},"13":{"start":{"line":28,"column":2},"end":{"line":28,"column":45}},"14":{"start":{"line":31,"column":0},"end":{"line":31,"column":26}}},"fnMap":{"0":{"name":"getWriteMixinDefinition","decl":{"start":{"line":4,"column":9},"end":{"line":4,"column":32}},"loc":{"start":{"line":4,"column":39},"end":{"line":7,"column":1}},"line":4},"1":{"name":"(anonymous_1)","decl":{"start":{"line":5,"column":9},"end":{"line":5,"column":10}},"loc":{"start":{"line":6,"column":4},"end":{"line":6,"column":64}},"line":6},"2":{"name":"getWriteMixinDefinitions","decl":{"start":{"line":9,"column":9},"end":{"line":9,"column":33}},"loc":{"start":{"line":9,"column":40},"end":{"line":15,"column":1}},"line":9},"3":{"name":"(anonymous_3)","decl":{"start":{"line":11,"column":9},"end":{"line":11,"column":10}},"loc":{"start":{"line":12,"column":4},"end":{"line":14,"column":5}},"line":12},"4":{"name":"(anonymous_4)","decl":{"start":{"line":12,"column":49},"end":{"line":12,"column":50}},"loc":{"start":{"line":13,"column":6},"end":{"line":13,"column":59}},"line":13},"5":{"name":"getWriteMixinDeclaration","decl":{"start":{"line":17,"column":9},"end":{"line":17,"column":33}},"loc":{"start":{"line":17,"column":40},"end":{"line":23,"column":1}},"line":17},"6":{"name":"(anonymous_6)","decl":{"start":{"line":19,"column":9},"end":{"line":19,"column":10}},"loc":{"start":{"line":20,"column":4},"end":{"line":22,"column":17}},"line":20},"7":{"name":"write","decl":{"start":{"line":25,"column":9},"end":{"line":25,"column":14}},"loc":{"start":{"line":25,"column":25},"end":{"line":29,"column":1}},"line":25}},"branchMap":{},"s":{"0":1,"1":1,"2":1,"3":24,"4":1,"5":1,"6":12,"7":24,"8":1,"9":1,"10":12,"11":1,"12":1,"13":1,"14":1},"f":{"0":1,"1":24,"2":1,"3":12,"4":24,"5":1,"6":12,"7":1},"b":{},"_coverageSchema":"1a1c01bbd47fc00a2c39e90264f33305004495a9","hash":"684b011e1a6c6b26a6f6a46d0394ccd23960723c"}
,"/Users/dan/Sites/personal/typebeast/src/write-spacing.js": {"path":"/Users/dan/Sites/personal/typebeast/src/write-spacing.js","statementMap":{"0":{"start":{"line":1,"column":19},"end":{"line":1,"column":47}},"1":{"start":{"line":2,"column":58},"end":{"line":2,"column":76}},"2":{"start":{"line":4,"column":30},"end":{"line":10,"column":1}},"3":{"start":{"line":5,"column":2},"end":{"line":9,"column":4}},"4":{"start":{"line":13,"column":2},"end":{"line":23,"column":33}},"5":{"start":{"line":14,"column":4},"end":{"line":23,"column":33}},"6":{"start":{"line":15,"column":27},"end":{"line":15,"column":65}},"7":{"start":{"line":16,"column":25},"end":{"line":22,"column":7}},"8":{"start":{"line":27,"column":28},"end":{"line":27,"column":68}},"9":{"start":{"line":28,"column":30},"end":{"line":28,"column":58}},"10":{"start":{"line":29,"column":33},"end":{"line":38,"column":3}},"11":{"start":{"line":30,"column":19},"end":{"line":36,"column":5}},"12":{"start":{"line":39,"column":2},"end":{"line":39,"column":78}},"13":{"start":{"line":42,"column":0},"end":{"line":42,"column":26}}},"fnMap":{"0":{"name":"(anonymous_0)","decl":{"start":{"line":4,"column":30},"end":{"line":4,"column":31}},"loc":{"start":{"line":4,"column":62},"end":{"line":10,"column":1}},"line":4},"1":{"name":"createDeclarationWriter","decl":{"start":{"line":12,"column":9},"end":{"line":12,"column":32}},"loc":{"start":{"line":12,"column":50},"end":{"line":24,"column":1}},"line":12},"2":{"name":"(anonymous_2)","decl":{"start":{"line":13,"column":9},"end":{"line":13,"column":10}},"loc":{"start":{"line":14,"column":4},"end":{"line":23,"column":33}},"line":14},"3":{"name":"(anonymous_3)","decl":{"start":{"line":15,"column":14},"end":{"line":15,"column":15}},"loc":{"start":{"line":15,"column":27},"end":{"line":15,"column":65}},"line":15},"4":{"name":"(anonymous_4)","decl":{"start":{"line":16,"column":11},"end":{"line":16,"column":12}},"loc":{"start":{"line":16,"column":25},"end":{"line":22,"column":7}},"line":16},"5":{"name":"write","decl":{"start":{"line":26,"column":9},"end":{"line":26,"column":14}},"loc":{"start":{"line":26,"column":40},"end":{"line":40,"column":1}},"line":26},"6":{"name":"(anonymous_6)","decl":{"start":{"line":30,"column":4},"end":{"line":30,"column":5}},"loc":{"start":{"line":30,"column":19},"end":{"line":36,"column":5}},"line":30}},"branchMap":{},"s":{"0":1,"1":1,"2":1,"3":4,"4":1,"5":2,"6":6,"7":4,"8":1,"9":1,"10":1,"11":1,"12":1,"13":1},"f":{"0":4,"1":1,"2":2,"3":6,"4":4,"5":1,"6":1},"b":{},"_coverageSchema":"1a1c01bbd47fc00a2c39e90264f33305004495a9","hash":"e410154bc9b77ba0a6b53a6ad265d862d0d6f7c3"}
,"/Users/dan/Sites/personal/typebeast/src/write-styles.js": {"path":"/Users/dan/Sites/personal/typebeast/src/write-styles.js","statementMap":{"0":{"start":{"line":1,"column":19},"end":{"line":1,"column":47}},"1":{"start":{"line":2,"column":35},"end":{"line":2,"column":53}},"2":{"start":{"line":4,"column":30},"end":{"line":9,"column":1}},"3":{"start":{"line":5,"column":2},"end":{"line":8,"column":4}},"4":{"start":{"line":12,"column":2},"end":{"line":19,"column":33}},"5":{"start":{"line":13,"column":4},"end":{"line":19,"column":33}},"6":{"start":{"line":14,"column":27},"end":{"line":14,"column":70}},"7":{"start":{"line":15,"column":25},"end":{"line":18,"column":7}},"8":{"start":{"line":23,"column":28},"end":{"line":23,"column":61}},"9":{"start":{"line":24,"column":30},"end":{"line":24,"column":58}},"10":{"start":{"line":25,"column":33},"end":{"line":34,"column":3}},"11":{"start":{"line":26,"column":19},"end":{"line":32,"column":5}},"12":{"start":{"line":35,"column":2},"end":{"line":35,"column":78}},"13":{"start":{"line":38,"column":0},"end":{"line":38,"column":26}}},"fnMap":{"0":{"name":"(anonymous_0)","decl":{"start":{"line":4,"column":30},"end":{"line":4,"column":31}},"loc":{"start":{"line":4,"column":60},"end":{"line":9,"column":1}},"line":4},"1":{"name":"createDeclarationWriter","decl":{"start":{"line":11,"column":9},"end":{"line":11,"column":32}},"loc":{"start":{"line":11,"column":43},"end":{"line":20,"column":1}},"line":11},"2":{"name":"(anonymous_2)","decl":{"start":{"line":12,"column":9},"end":{"line":12,"column":10}},"loc":{"start":{"line":13,"column":4},"end":{"line":19,"column":33}},"line":13},"3":{"name":"(anonymous_3)","decl":{"start":{"line":14,"column":14},"end":{"line":14,"column":15}},"loc":{"start":{"line":14,"column":27},"end":{"line":14,"column":70}},"line":14},"4":{"name":"(anonymous_4)","decl":{"start":{"line":15,"column":11},"end":{"line":15,"column":12}},"loc":{"start":{"line":15,"column":25},"end":{"line":18,"column":7}},"line":15},"5":{"name":"write","decl":{"start":{"line":22,"column":9},"end":{"line":22,"column":14}},"loc":{"start":{"line":22,"column":33},"end":{"line":36,"column":1}},"line":22},"6":{"name":"(anonymous_6)","decl":{"start":{"line":26,"column":4},"end":{"line":26,"column":5}},"loc":{"start":{"line":26,"column":19},"end":{"line":32,"column":5}},"line":26}},"branchMap":{},"s":{"0":1,"1":1,"2":1,"3":24,"4":1,"5":2,"6":24,"7":24,"8":1,"9":1,"10":1,"11":1,"12":1,"13":1},"f":{"0":24,"1":1,"2":2,"3":24,"4":24,"5":1,"6":1},"b":{},"_coverageSchema":"1a1c01bbd47fc00a2c39e90264f33305004495a9","hash":"bf02dc036b841ec5ec5967fa4f7d0a63f05b99dd"}
,"/Users/dan/Sites/personal/typebeast/src/write-wysiwyg-spacing.js": {"path":"/Users/dan/Sites/personal/typebeast/src/write-wysiwyg-spacing.js","statementMap":{"0":{"start":{"line":1,"column":19},"end":{"line":1,"column":47}},"1":{"start":{"line":2,"column":34},"end":{"line":2,"column":52}},"2":{"start":{"line":5,"column":2},"end":{"line":11,"column":3}},"3":{"start":{"line":15,"column":2},"end":{"line":24,"column":15}},"4":{"start":{"line":16,"column":25},"end":{"line":16,"column":70}},"5":{"start":{"line":18,"column":6},"end":{"line":22,"column":8}},"6":{"start":{"line":28,"column":2},"end":{"line":37,"column":3}},"7":{"start":{"line":29,"column":4},"end":{"line":36,"column":6}},"8":{"start":{"line":41,"column":2},"end":{"line":41,"column":29}},"9":{"start":{"line":41,"column":20},"end":{"line":41,"column":29}},"10":{"start":{"line":42,"column":22},"end":{"line":42,"column":56}},"11":{"start":{"line":43,"column":2},"end":{"line":43,"column":69}},"12":{"start":{"line":46,"column":0},"end":{"line":46,"column":26}}},"fnMap":{"0":{"name":"getDelcarationByBreakpoint","decl":{"start":{"line":4,"column":9},"end":{"line":4,"column":35}},"loc":{"start":{"line":4,"column":74},"end":{"line":12,"column":1}},"line":4},"1":{"name":"getDelcarationsByBreakpoint","decl":{"start":{"line":14,"column":9},"end":{"line":14,"column":36}},"loc":{"start":{"line":14,"column":65},"end":{"line":25,"column":1}},"line":14},"2":{"name":"(anonymous_2)","decl":{"start":{"line":16,"column":12},"end":{"line":16,"column":13}},"loc":{"start":{"line":16,"column":25},"end":{"line":16,"column":70}},"line":16},"3":{"name":"(anonymous_3)","decl":{"start":{"line":17,"column":9},"end":{"line":17,"column":10}},"loc":{"start":{"line":18,"column":6},"end":{"line":22,"column":8}},"line":18},"4":{"name":"getBlocksByBreakpoint","decl":{"start":{"line":27,"column":9},"end":{"line":27,"column":30}},"loc":{"start":{"line":27,"column":56},"end":{"line":38,"column":1}},"line":27},"5":{"name":"(anonymous_5)","decl":{"start":{"line":28,"column":38},"end":{"line":28,"column":39}},"loc":{"start":{"line":29,"column":4},"end":{"line":36,"column":6}},"line":29},"6":{"name":"write","decl":{"start":{"line":40,"column":9},"end":{"line":40,"column":14}},"loc":{"start":{"line":40,"column":28},"end":{"line":44,"column":1}},"line":40}},"branchMap":{"0":{"loc":{"start":{"line":41,"column":2},"end":{"line":41,"column":29}},"type":"if","locations":[{"start":{"line":41,"column":2},"end":{"line":41,"column":29}},{"start":{"line":41,"column":2},"end":{"line":41,"column":29}}],"line":41}},"s":{"0":1,"1":1,"2":8,"3":2,"4":8,"5":8,"6":1,"7":2,"8":1,"9":0,"10":1,"11":1,"12":1},"f":{"0":8,"1":2,"2":8,"3":8,"4":1,"5":2,"6":1},"b":{"0":[0,1]},"_coverageSchema":"1a1c01bbd47fc00a2c39e90264f33305004495a9","hash":"54ffbc885aa5632de303048fdb74fd2a3a268967"}
}
