TN:
SF:src/get-block-images.js
FN:4,transform
FN:15,write
FN:24,get
FNF:3
FNH:3
FNDA:1,transform
FNDA:1,write
FNDA:3,get
DA:1,1
DA:2,1
DA:5,1
DA:16,1
DA:25,3
DA:26,1
DA:27,1
DA:28,1
DA:31,1
LF:9
LH:9
BRDA:25,0,0,2
BRDA:25,0,1,1
BRDA:25,1,0,3
BRDA:25,1,1,2
BRF:4
BRH:4
end_of_record
TN:
SF:src/get-inline-code.js
FN:21,transform
FN:34,write
FN:43,get
FNF:3
FNH:3
FNDA:6,transform
FNDA:2,write
FNDA:3,get
DA:1,1
DA:6,1
DA:8,1
DA:16,1
DA:22,6
DA:23,6
DA:24,6
DA:35,2
DA:44,3
DA:45,1
DA:46,1
DA:49,1
LF:12
LH:12
BRDA:22,0,0,1
BRDA:22,1,0,2
BRDA:44,2,0,2
BRDA:44,2,1,1
BRDA:44,3,0,3
BRDA:44,3,1,1
BRF:6
BRH:6
end_of_record
TN:
SF:src/get-inline-kbd.js
FN:22,transform
FN:35,write
FN:44,get
FNF:3
FNH:3
FNDA:6,transform
FNDA:2,write
FNDA:3,get
DA:1,1
DA:6,1
DA:8,1
DA:17,1
DA:23,6
DA:24,6
DA:25,6
DA:36,2
DA:45,3
DA:46,1
DA:47,1
DA:50,1
LF:12
LH:12
BRDA:23,0,0,1
BRDA:23,1,0,2
BRDA:45,2,0,2
BRDA:45,2,1,1
BRDA:45,3,0,3
BRDA:45,3,1,1
BRF:6
BRH:6
end_of_record
TN:
SF:src/get-inline-links.js
FN:16,transform
FN:28,write
FN:37,get
FNF:3
FNH:3
FNDA:6,transform
FNDA:2,write
FNDA:3,get
DA:1,1
DA:6,1
DA:8,1
DA:17,6
DA:18,6
DA:19,6
DA:29,2
DA:38,3
DA:39,1
DA:40,1
DA:43,1
LF:11
LH:11
BRDA:17,0,0,1
BRDA:17,1,0,2
BRDA:38,2,0,2
BRDA:38,2,1,1
BRDA:38,3,0,3
BRDA:38,3,1,1
BRF:6
BRH:6
end_of_record
TN:
SF:src/get-sass-settings-map.js
FN:3,get
FN:9,(anonymous_1)
FNF:2
FNH:2
FNDA:5,get
FNDA:6,(anonymous_1)
DA:1,1
DA:4,5
DA:5,5
DA:9,6
DA:15,1
LF:5
LH:5
BRDA:3,0,0,4
BRDA:4,1,0,2
BRF:2
BRH:2
end_of_record
TN:
SF:src/get-spacing.js
FN:4,get
FNF:1
FNH:0
FNDA:0,get
DA:1,0
DA:2,0
DA:5,0
DA:11,0
LF:4
LH:0
BRF:0
BRH:0
end_of_record
TN:
SF:src/get-typography.js
FN:6,get
FNF:1
FNH:0
FNDA:0,get
DA:1,0
DA:2,0
DA:3,0
DA:4,0
DA:9,0
DA:11,0
DA:12,0
DA:13,0
DA:14,0
DA:17,0
LF:10
LH:0
BRF:0
BRH:0
end_of_record
TN:
SF:src/get-wysiwyg-spacing.js
FN:4,get
FNF:1
FNH:0
FNDA:0,get
DA:1,0
DA:2,0
DA:5,0
DA:8,0
LF:4
LH:0
BRF:0
BRH:0
end_of_record
TN:
SF:src/index.js
FN:19,main
FNF:1
FNH:0
FNDA:0,main
DA:1,0
DA:2,0
DA:3,0
DA:5,0
DA:6,0
DA:7,0
DA:8,0
DA:9,0
DA:10,0
DA:11,0
DA:12,0
DA:13,0
DA:14,0
DA:15,0
DA:17,0
DA:21,0
DA:22,0
DA:23,0
DA:24,0
DA:25,0
DA:26,0
DA:42,0
DA:49,0
DA:51,0
DA:54,0
DA:56,0
DA:57,0
DA:59,0
DA:61,0
DA:64,0
DA:65,0
DA:66,0
DA:67,0
DA:68,0
DA:69,0
DA:70,0
DA:74,0
DA:75,0
DA:77,0
DA:80,0
DA:82,0
DA:84,0
DA:85,0
DA:86,0
DA:87,0
DA:88,0
DA:89,0
DA:90,0
DA:92,0
DA:99,0
DA:100,0
DA:102,0
DA:104,0
DA:107,0
DA:111,0
DA:116,0
DA:119,0
LF:57
LH:0
BRDA:17,0,0,0
BRDA:19,1,0,0
BRDA:57,2,0,0
BRDA:57,2,1,0
BRDA:75,3,0,0
BRDA:75,3,1,0
BRDA:100,4,0,0
BRDA:100,4,1,0
BRDA:104,5,0,0
BRDA:104,5,1,0
BRF:10
BRH:0
end_of_record
TN:
SF:src/merge-objects.js
FN:3,merge
FNF:1
FNH:1
FNDA:3,merge
DA:1,1
DA:4,3
DA:7,1
LF:3
LH:3
BRF:0
BRH:0
end_of_record
TN:
SF:src/parse-config.js
FN:4,parse
FNF:1
FNH:1
FNDA:3,parse
DA:1,1
DA:2,1
DA:5,3
DA:6,3
DA:9,1
LF:5
LH:5
BRF:0
BRH:0
end_of_record
TN:
SF:src/prettier-format.js
FN:2,(anonymous_0)
FNF:1
FNH:1
FNDA:16,(anonymous_0)
DA:1,9
DA:2,16
DA:3,9
LF:3
LH:3
BRDA:2,0,0,16
BRF:1
BRH:1
end_of_record
TN:
SF:src/sanitize-config.js
FN:13,setNullPropertyDefaults
FN:14,(anonymous_1)
FN:16,(anonymous_2)
FN:27,sanitize
FNF:4
FNH:4
FNDA:1,setNullPropertyDefaults
FNDA:10,(anonymous_1)
FNDA:20,(anonymous_2)
FNDA:2,sanitize
DA:1,1
DA:3,1
DA:14,1
DA:15,10
DA:17,20
DA:24,1
DA:28,2
DA:29,2
DA:30,1
DA:32,2
DA:35,1
LF:11
LH:11
BRDA:29,0,0,1
BRDA:29,0,1,1
BRF:2
BRH:2
end_of_record
TN:
SF:src/transform-config.js
FN:1,(anonymous_0)
FN:3,(anonymous_1)
FN:6,(anonymous_2)
FN:8,(anonymous_3)
FN:11,(anonymous_4)
FN:17,createGetBlockDataGenerator
FN:18,(anonymous_6)
FN:33,ensureSelectorsAreArrays
FN:44,createSelectorScopeFormatter
FN:45,(anonymous_9)
FN:54,createGetListOfSelectors
FN:58,(anonymous_11)
FN:59,(anonymous_12)
FN:67,transform
FN:73,(anonymous_14)
FN:101,(anonymous_15)
FN:106,(anonymous_16)
FNF:17
FNH:17
FNDA:20,(anonymous_0)
FNDA:43,(anonymous_1)
FNDA:20,(anonymous_2)
FNDA:43,(anonymous_3)
FNDA:20,(anonymous_4)
FNDA:1,createGetBlockDataGenerator
FNDA:20,(anonymous_6)
FNDA:10,ensureSelectorsAreArrays
FNDA:1,createSelectorScopeFormatter
FNDA:14,(anonymous_9)
FNDA:1,createGetListOfSelectors
FNDA:10,(anonymous_11)
FNDA:10,(anonymous_12)
FNDA:1,transform
FNDA:10,(anonymous_14)
FNDA:10,(anonymous_15)
FNDA:20,(anonymous_16)
DA:1,1
DA:2,20
DA:3,43
DA:6,1
DA:7,20
DA:8,43
DA:11,20
DA:18,1
DA:19,20
DA:20,20
DA:21,20
DA:22,20
DA:34,10
DA:45,1
DA:46,14
DA:47,1
DA:49,13
DA:55,1
DA:56,1
DA:57,1
DA:58,10
DA:59,10
DA:69,1
DA:72,1
DA:73,10
DA:77,1
DA:79,1
DA:100,1
DA:101,10
DA:106,20
DA:121,1
LF:31
LH:31
BRDA:34,0,0,2
BRDA:34,0,1,8
BRDA:37,1,0,8
BRDA:37,1,1,0
BRDA:46,2,0,1
BRDA:46,2,1,13
BRF:6
BRH:5
end_of_record
TN:
SF:src/transform-spacing.js
FN:1,propertyByKey
FN:18,getProperties
FN:29,getDataByBreakpoint
FN:32,(anonymous_3)
FN:43,transform
FN:46,(anonymous_5)
FNF:6
FNH:6
FNDA:48,propertyByKey
FNDA:8,getProperties
FNDA:6,getDataByBreakpoint
FNDA:8,(anonymous_3)
FNDA:2,transform
FNDA:6,(anonymous_5)
DA:2,48
DA:3,8
DA:4,6
DA:9,2
DA:10,2
DA:15,0
DA:19,8
DA:30,6
DA:31,6
DA:32,8
DA:44,2
DA:45,2
DA:46,6
DA:54,2
LF:14
LH:13
BRDA:2,0,0,40
BRDA:2,0,1,8
BRDA:3,1,0,6
BRDA:3,1,1,2
BRDA:9,2,0,2
BRDA:9,2,1,0
BRDA:30,3,0,6
BRDA:30,3,1,0
BRDA:44,4,0,0
BRF:9
BRH:6
end_of_record
TN:
SF:src/transform-wysiwyg-spacing.js
FN:1,getScopeFromConfig
FN:6,getSpacingPropertyByKey
FN:23,getSpacingProperties
FN:34,getBreakpointWritersFromConfig
FN:36,(anonymous_4)
FN:38,(anonymous_5)
FN:41,(anonymous_6)
FN:46,getGroupsFromConfig
FN:48,(anonymous_8)
FN:53,(anonymous_9)
FN:65,transform
FNF:11
FNH:11
FNDA:2,getScopeFromConfig
FNDA:96,getSpacingPropertyByKey
FNDA:16,getSpacingProperties
FNDA:2,getBreakpointWritersFromConfig
FNDA:2,(anonymous_4)
FNDA:1,(anonymous_5)
FNDA:1,(anonymous_6)
FNDA:2,getGroupsFromConfig
FNDA:8,(anonymous_8)
FNDA:16,(anonymous_9)
FNDA:2,transform
DA:2,2
DA:7,96
DA:8,16
DA:9,8
DA:14,8
DA:15,0
DA:20,8
DA:24,16
DA:35,2
DA:36,2
DA:38,1
DA:41,1
DA:47,2
DA:48,8
DA:53,16
DA:66,2
DA:67,2
DA:89,2
LF:18
LH:17
BRDA:7,0,0,80
BRDA:7,0,1,16
BRDA:8,1,0,8
BRDA:8,1,1,8
BRDA:14,2,0,0
BRDA:14,2,1,8
BRDA:66,3,0,0
BRDA:66,3,1,2
BRDA:66,4,0,2
BRDA:66,4,1,2
BRF:10
BRH:8
end_of_record
TN:
SF:src/utils.js
FN:1,(anonymous_0)
FN:4,(anonymous_1)
FN:6,(anonymous_2)
FN:9,(anonymous_3)
FN:12,(anonymous_4)
FN:15,(anonymous_5)
FN:22,(anonymous_6)
FNF:7
FNH:7
FNDA:2,(anonymous_0)
FNDA:13,(anonymous_1)
FNDA:23,(anonymous_2)
FNDA:19,(anonymous_3)
FNDA:18,(anonymous_4)
FNDA:96,(anonymous_5)
FNDA:18,(anonymous_6)
DA:1,8
DA:2,2
DA:4,8
DA:5,13
DA:6,23
DA:9,8
DA:10,19
DA:12,8
DA:13,18
DA:15,96
DA:22,8
DA:23,18
LF:12
LH:12
BRDA:12,0,0,6
BRDA:15,1,0,96
BRDA:15,1,1,57
BRDA:15,1,2,33
BRDA:23,2,0,3
BRDA:23,2,1,15
BRF:6
BRH:6
end_of_record
TN:
SF:src/validate-config.js
FN:1,validate
FNF:1
FNH:1
FNDA:3,validate
DA:2,3
DA:3,1
DA:11,2
DA:12,2
DA:13,1
DA:21,1
DA:24,1
LF:7
LH:7
BRDA:2,0,0,1
BRDA:2,0,1,2
BRDA:12,1,0,1
BRDA:12,1,1,1
BRF:4
BRH:4
end_of_record
TN:
SF:src/write-mixins.js
FN:4,getWriteMixinDefinition
FN:5,(anonymous_1)
FN:9,getWriteMixinDefinitions
FN:11,(anonymous_3)
FN:12,(anonymous_4)
FN:17,getWriteMixinDeclaration
FN:19,(anonymous_6)
FN:25,write
FNF:8
FNH:8
FNDA:1,getWriteMixinDefinition
FNDA:24,(anonymous_1)
FNDA:1,getWriteMixinDefinitions
FNDA:12,(anonymous_3)
FNDA:24,(anonymous_4)
FNDA:1,getWriteMixinDeclaration
FNDA:12,(anonymous_6)
FNDA:1,write
DA:1,1
DA:2,1
DA:5,1
DA:6,24
DA:10,1
DA:11,1
DA:12,12
DA:13,24
DA:18,1
DA:19,1
DA:20,12
DA:26,1
DA:27,1
DA:28,1
DA:31,1
LF:15
LH:15
BRF:0
BRH:0
end_of_record
TN:
SF:src/write-spacing.js
FN:4,(anonymous_0)
FN:12,createDeclarationWriter
FN:13,(anonymous_2)
FN:15,(anonymous_3)
FN:16,(anonymous_4)
FN:26,write
FN:30,(anonymous_6)
FNF:7
FNH:7
FNDA:4,(anonymous_0)
FNDA:1,createDeclarationWriter
FNDA:2,(anonymous_2)
FNDA:6,(anonymous_3)
FNDA:4,(anonymous_4)
FNDA:1,write
FNDA:1,(anonymous_6)
DA:1,1
DA:2,1
DA:4,1
DA:5,4
DA:13,1
DA:14,2
DA:15,6
DA:16,4
DA:27,1
DA:28,1
DA:29,1
DA:30,1
DA:39,1
DA:42,1
LF:14
LH:14
BRF:0
BRH:0
end_of_record
TN:
SF:src/write-styles.js
FN:4,(anonymous_0)
FN:11,createDeclarationWriter
FN:12,(anonymous_2)
FN:14,(anonymous_3)
FN:15,(anonymous_4)
FN:22,write
FN:26,(anonymous_6)
FNF:7
FNH:7
FNDA:24,(anonymous_0)
FNDA:1,createDeclarationWriter
FNDA:2,(anonymous_2)
FNDA:24,(anonymous_3)
FNDA:24,(anonymous_4)
FNDA:1,write
FNDA:1,(anonymous_6)
DA:1,1
DA:2,1
DA:4,1
DA:5,24
DA:12,1
DA:13,2
DA:14,24
DA:15,24
DA:23,1
DA:24,1
DA:25,1
DA:26,1
DA:35,1
DA:38,1
LF:14
LH:14
BRF:0
BRH:0
end_of_record
TN:
SF:src/write-wysiwyg-spacing.js
FN:4,getDelcarationByBreakpoint
FN:14,getDelcarationsByBreakpoint
FN:16,(anonymous_2)
FN:17,(anonymous_3)
FN:27,getBlocksByBreakpoint
FN:28,(anonymous_5)
FN:40,write
FNF:7
FNH:7
FNDA:8,getDelcarationByBreakpoint
FNDA:2,getDelcarationsByBreakpoint
FNDA:8,(anonymous_2)
FNDA:8,(anonymous_3)
FNDA:1,getBlocksByBreakpoint
FNDA:2,(anonymous_5)
FNDA:1,write
DA:1,1
DA:2,1
DA:5,8
DA:15,2
DA:16,8
DA:18,8
DA:28,1
DA:29,2
DA:41,1
DA:42,1
DA:43,1
DA:46,1
LF:12
LH:12
BRDA:41,0,0,0
BRDA:41,0,1,1
BRF:2
BRH:1
end_of_record
